2023.06.27 04:30:05 INFO  Started: Metals version 0.11.12 in workspace 'C:\A_New Volume (G;)\A - UCSC\1 ST SEM\SCS 2204 - FUNCTIONAL PROGMNG_(3)\Lab Sheets\SCS-2204-FUNCTIONAL-PROGRAMMING\Labsheet_03' for client Visual Studio Code 1.79.2.
Jun 27, 2023 4:30:05 AM org.flywaydb.core.internal.license.VersionPrinter printVersionOnly
INFO: Flyway Community Edition 9.16.3 by Redgate
Jun 27, 2023 4:30:05 AM org.flywaydb.core.internal.license.VersionPrinter printVersion
INFO: See release notes here: https://rd.gt/416ObMi
Jun 27, 2023 4:30:05 AM org.flywaydb.core.internal.license.VersionPrinter printVersion
INFO: 
2023.06.27 04:30:05 WARN  resetting database: C:\A_New Volume (G;)\A - UCSC\1 ST SEM\SCS 2204 - FUNCTIONAL PROGMNG_(3)\Lab Sheets\SCS-2204-FUNCTIONAL-PROGRAMMING\Labsheet_03\.metals\metals.h2.db
2023.06.27 04:30:05 ERROR org.flywaydb.core.internal.exception.FlywaySqlException: Unable to obtain connection from database (jdbc:h2:file:C:\A_New Volume (G;)\A - UCSC\1 ST SEM\SCS 2204 - FUNCTIONAL PROGMNG_(3)\Lab Sheets\SCS-2204-FUNCTIONAL-PROGRAMMING\Labsheet_03\.metals\metals;AUTO_SERVER=TRUE) for user 'sa': URL format error; must be "jdbc:h2:{ {.|mem:}[name] | [file:]fileName | {tcp|ssl}:[//]server[:port][,server2[:port]]/name }[;key=value...]" but is "jdbc:h2:file:C:\\A_New Volume (G" [90046-214]
-----------------------------------------------------------------------------------------------------------------------------------------------------------------------------------------------------------------------------------------------------------------------------------------------------------------------------------------------------------------------------------------------------------------------------------------
SQL State  : 90046
Error Code : 90046
Message    : URL format error; must be "jdbc:h2:{ {.|mem:}[name] | [file:]fileName | {tcp|ssl}:[//]server[:port][,server2[:port]]/name }[;key=value...]" but is "jdbc:h2:file:C:\\A_New Volume (G" [90046-214]

	at org.flywaydb.core.internal.jdbc.JdbcUtils.openConnection(JdbcUtils.java:60)
	at org.flywaydb.core.internal.jdbc.JdbcConnectionFactory.<init>(JdbcConnectionFactory.java:74)
	at org.flywaydb.core.FlywayExecutor.execute(FlywayExecutor.java:140)
	at org.flywaydb.core.Flyway.clean(Flyway.java:234)
	at scala.meta.internal.metals.Tables.migrateOrRestart(Tables.scala:156)
	at scala.meta.internal.metals.Tables.tryUrl(Tables.scala:144)
	at scala.meta.internal.metals.Tables.persistentConnection(Tables.scala:138)
	at scala.meta.internal.metals.Tables.tryAutoServer(Tables.scala:81)
	at scala.meta.internal.metals.Tables.connect(Tables.scala:48)
	at scala.meta.internal.metals.Tables.connection(Tables.scala:74)
	at scala.meta.internal.metals.Tables.$anonfun$fingerprints$1(Tables.scala:39)
	at scala.meta.internal.metals.Fingerprints.load(Fingerprints.scala:52)
	at scala.meta.internal.metals.MetalsLspService.$anonfun$initialize$2(MetalsLspService.scala:876)
	at scala.concurrent.Future$.$anonfun$apply$1(Future.scala:678)
	at scala.concurrent.impl.Promise$Transformation.run(Promise.scala:467)
	at java.util.concurrent.ThreadPoolExecutor.runWorker(ThreadPoolExecutor.java:1136)
	at java.util.concurrent.ThreadPoolExecutor$Worker.run(ThreadPoolExecutor.java:635)
	at java.lang.Thread.run(Thread.java:833)
Caused by: org.h2.jdbc.JdbcSQLNonTransientConnectionException: URL format error; must be "jdbc:h2:{ {.|mem:}[name] | [file:]fileName | {tcp|ssl}:[//]server[:port][,server2[:port]]/name }[;key=value...]" but is "jdbc:h2:file:C:\\A_New Volume (G" [90046-214]
	at org.h2.message.DbException.getJdbcSQLException(DbException.java:678)
	at org.h2.message.DbException.getJdbcSQLException(DbException.java:477)
	at org.h2.message.DbException.get(DbException.java:223)
	at org.h2.engine.ConnectionInfo.getFormatException(ConnectionInfo.java:687)
	at org.h2.engine.ConnectionInfo.readSettingsFromURL(ConnectionInfo.java:330)
	at org.h2.engine.ConnectionInfo.<init>(ConnectionInfo.java:97)
	at org.h2.jdbc.JdbcConnection.<init>(JdbcConnection.java:113)
	at org.h2.Driver.connect(Driver.java:59)
	at org.flywaydb.core.internal.jdbc.DriverDataSource.getConnectionFromDriver(DriverDataSource.java:258)
	at org.flywaydb.core.internal.jdbc.DriverDataSource.getConnection(DriverDataSource.java:223)
	at org.flywaydb.core.internal.jdbc.JdbcUtils.openConnection(JdbcUtils.java:48)
	at org.flywaydb.core.internal.jdbc.JdbcConnectionFactory.<init>(JdbcConnectionFactory.java:74)
	at org.flywaydb.core.FlywayExecutor.execute(FlywayExecutor.java:140)
	at org.flywaydb.core.Flyway.clean(Flyway.java:234)
	at scala.meta.internal.metals.Tables.migrateOrRestart(Tables.scala:156)
	at scala.meta.internal.metals.Tables.tryUrl(Tables.scala:144)
	at scala.meta.internal.metals.Tables.persistentConnection(Tables.scala:138)
	at scala.meta.internal.metals.Tables.tryAutoServer(Tables.scala:81)
	at scala.meta.internal.metals.Tables.connect(Tables.scala:48)
	at scala.meta.internal.metals.Tables.connection(Tables.scala:74)
	at scala.meta.internal.metals.Tables.$anonfun$fingerprints$1(Tables.scala:39)
	at scala.meta.internal.metals.Fingerprints.load(Fingerprints.scala:52)
	at scala.meta.internal.metals.MetalsLspService.$anonfun$initialize$2(MetalsLspService.scala:876)
	at scala.concurrent.Future$.$anonfun$apply$1(Future.scala:678)
	at scala.concurrent.impl.Promise$Transformation.run(Promise.scala:467)
	at java.util.concurrent.ThreadPoolExecutor.runWorker(ThreadPoolExecutor.java:1136)
	at java.util.concurrent.ThreadPoolExecutor$Worker.run(ThreadPoolExecutor.java:635)
	at java.lang.Thread.run(Thread.java:833)

2023.06.27 04:30:05 WARN  resetting database: C:\A_New Volume (G;)\A - UCSC\1 ST SEM\SCS 2204 - FUNCTIONAL PROGMNG_(3)\Lab Sheets\SCS-2204-FUNCTIONAL-PROGRAMMING\Labsheet_03\.metals\metals.h2.db
2023.06.27 04:30:05 ERROR unable to setup persistent H2 database with AUTO_SERVER=false, falling back to in-memory database. This means you may be redundantly asked to execute 'Import build', even if it's not needed. Also, code navigation will not work for existing files in the .metals/readonly/ directory. To fix this problem, make sure you only have one running Metals server in the directory 'C:\A_New Volume (G;)\A - UCSC\1 ST SEM\SCS 2204 - FUNCTIONAL PROGMNG_(3)\Lab Sheets\SCS-2204-FUNCTIONAL-PROGRAMMING\Labsheet_03'.
org.flywaydb.core.internal.exception.FlywaySqlException: Unable to obtain connection from database (jdbc:h2:file:C:\A_New Volume (G;)\A - UCSC\1 ST SEM\SCS 2204 - FUNCTIONAL PROGMNG_(3)\Lab Sheets\SCS-2204-FUNCTIONAL-PROGRAMMING\Labsheet_03\.metals\metals;AUTO_SERVER=TRUE) for user 'sa': URL format error; must be "jdbc:h2:{ {.|mem:}[name] | [file:]fileName | {tcp|ssl}:[//]server[:port][,server2[:port]]/name }[;key=value...]" but is "jdbc:h2:file:C:\\A_New Volume (G" [90046-214]
-----------------------------------------------------------------------------------------------------------------------------------------------------------------------------------------------------------------------------------------------------------------------------------------------------------------------------------------------------------------------------------------------------------------------------------------
SQL State  : 90046
Error Code : 90046
Message    : URL format error; must be "jdbc:h2:{ {.|mem:}[name] | [file:]fileName | {tcp|ssl}:[//]server[:port][,server2[:port]]/name }[;key=value...]" but is "jdbc:h2:file:C:\\A_New Volume (G" [90046-214]

	at org.flywaydb.core.internal.jdbc.JdbcUtils.openConnection(JdbcUtils.java:60)
	at org.flywaydb.core.internal.jdbc.JdbcConnectionFactory.<init>(JdbcConnectionFactory.java:74)
	at org.flywaydb.core.FlywayExecutor.execute(FlywayExecutor.java:140)
	at org.flywaydb.core.Flyway.clean(Flyway.java:234)
	at scala.meta.internal.metals.Tables.migrateOrRestart(Tables.scala:156)
	at scala.meta.internal.metals.Tables.tryUrl(Tables.scala:144)
	at scala.meta.internal.metals.Tables.persistentConnection(Tables.scala:138)
	at scala.meta.internal.metals.Tables.tryNoAutoServer(Tables.scala:98)
	at scala.meta.internal.metals.Tables.tryAutoServer(Tables.scala:92)
	at scala.meta.internal.metals.Tables.connect(Tables.scala:48)
	at scala.meta.internal.metals.Tables.connection(Tables.scala:74)
	at scala.meta.internal.metals.Tables.$anonfun$fingerprints$1(Tables.scala:39)
	at scala.meta.internal.metals.Fingerprints.load(Fingerprints.scala:52)
	at scala.meta.internal.metals.MetalsLspService.$anonfun$initialize$2(MetalsLspService.scala:876)
	at scala.concurrent.Future$.$anonfun$apply$1(Future.scala:678)
	at scala.concurrent.impl.Promise$Transformation.run(Promise.scala:467)
	at java.util.concurrent.ThreadPoolExecutor.runWorker(ThreadPoolExecutor.java:1136)
	at java.util.concurrent.ThreadPoolExecutor$Worker.run(ThreadPoolExecutor.java:635)
	at java.lang.Thread.run(Thread.java:833)
Caused by: org.h2.jdbc.JdbcSQLNonTransientConnectionException: URL format error; must be "jdbc:h2:{ {.|mem:}[name] | [file:]fileName | {tcp|ssl}:[//]server[:port][,server2[:port]]/name }[;key=value...]" but is "jdbc:h2:file:C:\\A_New Volume (G" [90046-214]
	at org.h2.message.DbException.getJdbcSQLException(DbException.java:678)
	at org.h2.message.DbException.getJdbcSQLException(DbException.java:477)
	at org.h2.message.DbException.get(DbException.java:223)
	at org.h2.engine.ConnectionInfo.getFormatException(ConnectionInfo.java:687)
	at org.h2.engine.ConnectionInfo.readSettingsFromURL(ConnectionInfo.java:330)
	at org.h2.engine.ConnectionInfo.<init>(ConnectionInfo.java:97)
	at org.h2.jdbc.JdbcConnection.<init>(JdbcConnection.java:113)
	at org.h2.Driver.connect(Driver.java:59)
	at org.flywaydb.core.internal.jdbc.DriverDataSource.getConnectionFromDriver(DriverDataSource.java:258)
	at org.flywaydb.core.internal.jdbc.DriverDataSource.getConnection(DriverDataSource.java:223)
	at org.flywaydb.core.internal.jdbc.JdbcUtils.openConnection(JdbcUtils.java:48)
	at org.flywaydb.core.internal.jdbc.JdbcConnectionFactory.<init>(JdbcConnectionFactory.java:74)
	at org.flywaydb.core.FlywayExecutor.execute(FlywayExecutor.java:140)
	at org.flywaydb.core.Flyway.clean(Flyway.java:234)
	at scala.meta.internal.metals.Tables.migrateOrRestart(Tables.scala:156)
	at scala.meta.internal.metals.Tables.tryUrl(Tables.scala:144)
	at scala.meta.internal.metals.Tables.persistentConnection(Tables.scala:138)
	at scala.meta.internal.metals.Tables.tryNoAutoServer(Tables.scala:98)
	at scala.meta.internal.metals.Tables.tryAutoServer(Tables.scala:92)
	at scala.meta.internal.metals.Tables.connect(Tables.scala:48)
	at scala.meta.internal.metals.Tables.connection(Tables.scala:74)
	at scala.meta.internal.metals.Tables.$anonfun$fingerprints$1(Tables.scala:39)
	at scala.meta.internal.metals.Fingerprints.load(Fingerprints.scala:52)
	at scala.meta.internal.metals.MetalsLspService.$anonfun$initialize$2(MetalsLspService.scala:876)
	at scala.concurrent.Future$.$anonfun$apply$1(Future.scala:678)
	at scala.concurrent.impl.Promise$Transformation.run(Promise.scala:467)
	at java.util.concurrent.ThreadPoolExecutor.runWorker(ThreadPoolExecutor.java:1136)
	at java.util.concurrent.ThreadPoolExecutor$Worker.run(ThreadPoolExecutor.java:635)
	at java.lang.Thread.run(Thread.java:833)

Jun 27, 2023 4:30:06 AM org.flywaydb.core.internal.database.base.BaseDatabaseType createDatabase
INFO: Database: jdbc:h2:mem:metals (H2 2.1)
Jun 27, 2023 4:30:06 AM org.flywaydb.core.internal.schemahistory.JdbcTableSchemaHistory allAppliedMigrations
INFO: Schema history table "PUBLIC"."flyway_schema_history" does not exist yet
Jun 27, 2023 4:30:06 AM org.flywaydb.core.internal.command.DbValidate validate
INFO: Successfully validated 4 migrations (execution time 00:00.039s)
Jun 27, 2023 4:30:06 AM org.flywaydb.core.internal.schemahistory.JdbcTableSchemaHistory create
INFO: Creating Schema History table "PUBLIC"."flyway_schema_history" ...
Jun 27, 2023 4:30:06 AM org.flywaydb.core.internal.command.DbMigrate migrateGroup
INFO: Current version of schema "PUBLIC": << Empty Schema >>
Jun 27, 2023 4:30:06 AM org.flywaydb.core.internal.command.DbMigrate doMigrateGroup
INFO: Migrating schema "PUBLIC" to version "1 - Create tables"
Jun 27, 2023 4:30:06 AM org.flywaydb.core.internal.command.DbMigrate doMigrateGroup
INFO: Migrating schema "PUBLIC" to version "2 - Server discovery"
Jun 27, 2023 4:30:06 AM org.flywaydb.core.internal.command.DbMigrate doMigrateGroup
INFO: Migrating schema "PUBLIC" to version "3 - Jar symbols"
Jun 27, 2023 4:30:06 AM org.flywaydb.core.internal.command.DbMigrate doMigrateGroup
INFO: Migrating schema "PUBLIC" to version "4 - Fingerprints"
Jun 27, 2023 4:30:06 AM org.flywaydb.core.internal.command.DbMigrate logSummary
INFO: Successfully applied 4 migrations to schema "PUBLIC", now at version v4 (execution time 00:00.109s)
2023.06.27 04:30:06 INFO  time: initialize in 0.97s
