2023.07.01 21:15:16 INFO  Started: Metals version 0.11.12 in workspace 'C:\A_New Volume (G;)\A - UCSC\1 ST SEM\SCS 2204 - FUNCTIONAL PROGMNG_(3)\Lab Sheets\SCS-2204-FUNCTIONAL-PROGRAMMING\Labsheet_04' for client Visual Studio Code 1.79.2.
Jul 01, 2023 9:15:17 PM org.flywaydb.core.internal.license.VersionPrinter printVersionOnly
INFO: Flyway Community Edition 9.16.3 by Redgate
Jul 01, 2023 9:15:17 PM org.flywaydb.core.internal.license.VersionPrinter printVersion
INFO: See release notes here: https://rd.gt/416ObMi
Jul 01, 2023 9:15:17 PM org.flywaydb.core.internal.license.VersionPrinter printVersion
INFO: 
2023.07.01 21:15:17 WARN  resetting database: C:\A_New Volume (G;)\A - UCSC\1 ST SEM\SCS 2204 - FUNCTIONAL PROGMNG_(3)\Lab Sheets\SCS-2204-FUNCTIONAL-PROGRAMMING\Labsheet_04\.metals\metals.h2.db
2023.07.01 21:15:17 ERROR org.flywaydb.core.internal.exception.FlywaySqlException: Unable to obtain connection from database (jdbc:h2:file:C:\A_New Volume (G;)\A - UCSC\1 ST SEM\SCS 2204 - FUNCTIONAL PROGMNG_(3)\Lab Sheets\SCS-2204-FUNCTIONAL-PROGRAMMING\Labsheet_04\.metals\metals;AUTO_SERVER=TRUE) for user 'sa': URL format error; must be "jdbc:h2:{ {.|mem:}[name] | [file:]fileName | {tcp|ssl}:[//]server[:port][,server2[:port]]/name }[;key=value...]" but is "jdbc:h2:file:C:\\A_New Volume (G" [90046-214]
-----------------------------------------------------------------------------------------------------------------------------------------------------------------------------------------------------------------------------------------------------------------------------------------------------------------------------------------------------------------------------------------------------------------------------------------
SQL State  : 90046
Error Code : 90046
Message    : URL format error; must be "jdbc:h2:{ {.|mem:}[name] | [file:]fileName | {tcp|ssl}:[//]server[:port][,server2[:port]]/name }[;key=value...]" but is "jdbc:h2:file:C:\\A_New Volume (G" [90046-214]

	at org.flywaydb.core.internal.jdbc.JdbcUtils.openConnection(JdbcUtils.java:60)
	at org.flywaydb.core.internal.jdbc.JdbcConnectionFactory.<init>(JdbcConnectionFactory.java:74)
	at org.flywaydb.core.FlywayExecutor.execute(FlywayExecutor.java:140)
	at org.flywaydb.core.Flyway.clean(Flyway.java:234)
	at scala.meta.internal.metals.Tables.migrateOrRestart(Tables.scala:156)
	at scala.meta.internal.metals.Tables.tryUrl(Tables.scala:144)
	at scala.meta.internal.metals.Tables.persistentConnection(Tables.scala:138)
	at scala.meta.internal.metals.Tables.tryAutoServer(Tables.scala:81)
	at scala.meta.internal.metals.Tables.connect(Tables.scala:48)
	at scala.meta.internal.metals.Tables.connection(Tables.scala:74)
	at scala.meta.internal.metals.Tables.$anonfun$fingerprints$1(Tables.scala:39)
	at scala.meta.internal.metals.Fingerprints.load(Fingerprints.scala:52)
	at scala.meta.internal.metals.MetalsLspService.$anonfun$initialize$2(MetalsLspService.scala:876)
	at scala.concurrent.Future$.$anonfun$apply$1(Future.scala:678)
	at scala.concurrent.impl.Promise$Transformation.run(Promise.scala:467)
	at java.util.concurrent.ThreadPoolExecutor.runWorker(ThreadPoolExecutor.java:1136)
	at java.util.concurrent.ThreadPoolExecutor$Worker.run(ThreadPoolExecutor.java:635)
	at java.lang.Thread.run(Thread.java:833)
Caused by: org.h2.jdbc.JdbcSQLNonTransientConnectionException: URL format error; must be "jdbc:h2:{ {.|mem:}[name] | [file:]fileName | {tcp|ssl}:[//]server[:port][,server2[:port]]/name }[;key=value...]" but is "jdbc:h2:file:C:\\A_New Volume (G" [90046-214]
	at org.h2.message.DbException.getJdbcSQLException(DbException.java:678)
	at org.h2.message.DbException.getJdbcSQLException(DbException.java:477)
	at org.h2.message.DbException.get(DbException.java:223)
	at org.h2.engine.ConnectionInfo.getFormatException(ConnectionInfo.java:687)
	at org.h2.engine.ConnectionInfo.readSettingsFromURL(ConnectionInfo.java:330)
	at org.h2.engine.ConnectionInfo.<init>(ConnectionInfo.java:97)
	at org.h2.jdbc.JdbcConnection.<init>(JdbcConnection.java:113)
	at org.h2.Driver.connect(Driver.java:59)
	at org.flywaydb.core.internal.jdbc.DriverDataSource.getConnectionFromDriver(DriverDataSource.java:258)
	at org.flywaydb.core.internal.jdbc.DriverDataSource.getConnection(DriverDataSource.java:223)
	at org.flywaydb.core.internal.jdbc.JdbcUtils.openConnection(JdbcUtils.java:48)
	at org.flywaydb.core.internal.jdbc.JdbcConnectionFactory.<init>(JdbcConnectionFactory.java:74)
	at org.flywaydb.core.FlywayExecutor.execute(FlywayExecutor.java:140)
	at org.flywaydb.core.Flyway.clean(Flyway.java:234)
	at scala.meta.internal.metals.Tables.migrateOrRestart(Tables.scala:156)
	at scala.meta.internal.metals.Tables.tryUrl(Tables.scala:144)
	at scala.meta.internal.metals.Tables.persistentConnection(Tables.scala:138)
	at scala.meta.internal.metals.Tables.tryAutoServer(Tables.scala:81)
	at scala.meta.internal.metals.Tables.connect(Tables.scala:48)
	at scala.meta.internal.metals.Tables.connection(Tables.scala:74)
	at scala.meta.internal.metals.Tables.$anonfun$fingerprints$1(Tables.scala:39)
	at scala.meta.internal.metals.Fingerprints.load(Fingerprints.scala:52)
	at scala.meta.internal.metals.MetalsLspService.$anonfun$initialize$2(MetalsLspService.scala:876)
	at scala.concurrent.Future$.$anonfun$apply$1(Future.scala:678)
	at scala.concurrent.impl.Promise$Transformation.run(Promise.scala:467)
	at java.util.concurrent.ThreadPoolExecutor.runWorker(ThreadPoolExecutor.java:1136)
	at java.util.concurrent.ThreadPoolExecutor$Worker.run(ThreadPoolExecutor.java:635)
	at java.lang.Thread.run(Thread.java:833)

2023.07.01 21:15:17 WARN  resetting database: C:\A_New Volume (G;)\A - UCSC\1 ST SEM\SCS 2204 - FUNCTIONAL PROGMNG_(3)\Lab Sheets\SCS-2204-FUNCTIONAL-PROGRAMMING\Labsheet_04\.metals\metals.h2.db
2023.07.01 21:15:17 ERROR unable to setup persistent H2 database with AUTO_SERVER=false, falling back to in-memory database. This means you may be redundantly asked to execute 'Import build', even if it's not needed. Also, code navigation will not work for existing files in the .metals/readonly/ directory. To fix this problem, make sure you only have one running Metals server in the directory 'C:\A_New Volume (G;)\A - UCSC\1 ST SEM\SCS 2204 - FUNCTIONAL PROGMNG_(3)\Lab Sheets\SCS-2204-FUNCTIONAL-PROGRAMMING\Labsheet_04'.
org.flywaydb.core.internal.exception.FlywaySqlException: Unable to obtain connection from database (jdbc:h2:file:C:\A_New Volume (G;)\A - UCSC\1 ST SEM\SCS 2204 - FUNCTIONAL PROGMNG_(3)\Lab Sheets\SCS-2204-FUNCTIONAL-PROGRAMMING\Labsheet_04\.metals\metals;AUTO_SERVER=TRUE) for user 'sa': URL format error; must be "jdbc:h2:{ {.|mem:}[name] | [file:]fileName | {tcp|ssl}:[//]server[:port][,server2[:port]]/name }[;key=value...]" but is "jdbc:h2:file:C:\\A_New Volume (G" [90046-214]
-----------------------------------------------------------------------------------------------------------------------------------------------------------------------------------------------------------------------------------------------------------------------------------------------------------------------------------------------------------------------------------------------------------------------------------------
SQL State  : 90046
Error Code : 90046
Message    : URL format error; must be "jdbc:h2:{ {.|mem:}[name] | [file:]fileName | {tcp|ssl}:[//]server[:port][,server2[:port]]/name }[;key=value...]" but is "jdbc:h2:file:C:\\A_New Volume (G" [90046-214]

	at org.flywaydb.core.internal.jdbc.JdbcUtils.openConnection(JdbcUtils.java:60)
	at org.flywaydb.core.internal.jdbc.JdbcConnectionFactory.<init>(JdbcConnectionFactory.java:74)
	at org.flywaydb.core.FlywayExecutor.execute(FlywayExecutor.java:140)
	at org.flywaydb.core.Flyway.clean(Flyway.java:234)
	at scala.meta.internal.metals.Tables.migrateOrRestart(Tables.scala:156)
	at scala.meta.internal.metals.Tables.tryUrl(Tables.scala:144)
	at scala.meta.internal.metals.Tables.persistentConnection(Tables.scala:138)
	at scala.meta.internal.metals.Tables.tryNoAutoServer(Tables.scala:98)
	at scala.meta.internal.metals.Tables.tryAutoServer(Tables.scala:92)
	at scala.meta.internal.metals.Tables.connect(Tables.scala:48)
	at scala.meta.internal.metals.Tables.connection(Tables.scala:74)
	at scala.meta.internal.metals.Tables.$anonfun$fingerprints$1(Tables.scala:39)
	at scala.meta.internal.metals.Fingerprints.load(Fingerprints.scala:52)
	at scala.meta.internal.metals.MetalsLspService.$anonfun$initialize$2(MetalsLspService.scala:876)
	at scala.concurrent.Future$.$anonfun$apply$1(Future.scala:678)
	at scala.concurrent.impl.Promise$Transformation.run(Promise.scala:467)
	at java.util.concurrent.ThreadPoolExecutor.runWorker(ThreadPoolExecutor.java:1136)
	at java.util.concurrent.ThreadPoolExecutor$Worker.run(ThreadPoolExecutor.java:635)
	at java.lang.Thread.run(Thread.java:833)
Caused by: org.h2.jdbc.JdbcSQLNonTransientConnectionException: URL format error; must be "jdbc:h2:{ {.|mem:}[name] | [file:]fileName | {tcp|ssl}:[//]server[:port][,server2[:port]]/name }[;key=value...]" but is "jdbc:h2:file:C:\\A_New Volume (G" [90046-214]
	at org.h2.message.DbException.getJdbcSQLException(DbException.java:678)
	at org.h2.message.DbException.getJdbcSQLException(DbException.java:477)
	at org.h2.message.DbException.get(DbException.java:223)
	at org.h2.engine.ConnectionInfo.getFormatException(ConnectionInfo.java:687)
	at org.h2.engine.ConnectionInfo.readSettingsFromURL(ConnectionInfo.java:330)
	at org.h2.engine.ConnectionInfo.<init>(ConnectionInfo.java:97)
	at org.h2.jdbc.JdbcConnection.<init>(JdbcConnection.java:113)
	at org.h2.Driver.connect(Driver.java:59)
	at org.flywaydb.core.internal.jdbc.DriverDataSource.getConnectionFromDriver(DriverDataSource.java:258)
	at org.flywaydb.core.internal.jdbc.DriverDataSource.getConnection(DriverDataSource.java:223)
	at org.flywaydb.core.internal.jdbc.JdbcUtils.openConnection(JdbcUtils.java:48)
	at org.flywaydb.core.internal.jdbc.JdbcConnectionFactory.<init>(JdbcConnectionFactory.java:74)
	at org.flywaydb.core.FlywayExecutor.execute(FlywayExecutor.java:140)
	at org.flywaydb.core.Flyway.clean(Flyway.java:234)
	at scala.meta.internal.metals.Tables.migrateOrRestart(Tables.scala:156)
	at scala.meta.internal.metals.Tables.tryUrl(Tables.scala:144)
	at scala.meta.internal.metals.Tables.persistentConnection(Tables.scala:138)
	at scala.meta.internal.metals.Tables.tryNoAutoServer(Tables.scala:98)
	at scala.meta.internal.metals.Tables.tryAutoServer(Tables.scala:92)
	at scala.meta.internal.metals.Tables.connect(Tables.scala:48)
	at scala.meta.internal.metals.Tables.connection(Tables.scala:74)
	at scala.meta.internal.metals.Tables.$anonfun$fingerprints$1(Tables.scala:39)
	at scala.meta.internal.metals.Fingerprints.load(Fingerprints.scala:52)
	at scala.meta.internal.metals.MetalsLspService.$anonfun$initialize$2(MetalsLspService.scala:876)
	at scala.concurrent.Future$.$anonfun$apply$1(Future.scala:678)
	at scala.concurrent.impl.Promise$Transformation.run(Promise.scala:467)
	at java.util.concurrent.ThreadPoolExecutor.runWorker(ThreadPoolExecutor.java:1136)
	at java.util.concurrent.ThreadPoolExecutor$Worker.run(ThreadPoolExecutor.java:635)
	at java.lang.Thread.run(Thread.java:833)

Jul 01, 2023 9:15:17 PM org.flywaydb.core.internal.database.base.BaseDatabaseType createDatabase
INFO: Database: jdbc:h2:mem:metals (H2 2.1)
Jul 01, 2023 9:15:17 PM org.flywaydb.core.internal.schemahistory.JdbcTableSchemaHistory allAppliedMigrations
INFO: Schema history table "PUBLIC"."flyway_schema_history" does not exist yet
Jul 01, 2023 9:15:17 PM org.flywaydb.core.internal.command.DbValidate validate
INFO: Successfully validated 4 migrations (execution time 00:00.029s)
Jul 01, 2023 9:15:17 PM org.flywaydb.core.internal.schemahistory.JdbcTableSchemaHistory create
INFO: Creating Schema History table "PUBLIC"."flyway_schema_history" ...
Jul 01, 2023 9:15:17 PM org.flywaydb.core.internal.command.DbMigrate migrateGroup
INFO: Current version of schema "PUBLIC": << Empty Schema >>
Jul 01, 2023 9:15:17 PM org.flywaydb.core.internal.command.DbMigrate doMigrateGroup
INFO: Migrating schema "PUBLIC" to version "1 - Create tables"
Jul 01, 2023 9:15:17 PM org.flywaydb.core.internal.command.DbMigrate doMigrateGroup
INFO: Migrating schema "PUBLIC" to version "2 - Server discovery"
Jul 01, 2023 9:15:17 PM org.flywaydb.core.internal.command.DbMigrate doMigrateGroup
INFO: Migrating schema "PUBLIC" to version "3 - Jar symbols"
Jul 01, 2023 9:15:17 PM org.flywaydb.core.internal.command.DbMigrate doMigrateGroup
INFO: Migrating schema "PUBLIC" to version "4 - Fingerprints"
Jul 01, 2023 9:15:17 PM org.flywaydb.core.internal.command.DbMigrate logSummary
INFO: Successfully applied 4 migrations to schema "PUBLIC", now at version v4 (execution time 00:00.160s)
2023.07.01 21:15:18 INFO  time: initialize in 1.11s
2023.07.01 21:15:24 WARN  Build server is not auto-connectable.
2023.07.01 21:15:24 WARN  no build tool detected in workspace 'C:\A_New Volume (G;)\A - UCSC\1 ST SEM\SCS 2204 - FUNCTIONAL PROGMNG_(3)\Lab Sheets\SCS-2204-FUNCTIONAL-PROGRAMMING\Labsheet_04'. The most common cause for this problem is that the editor was opened in the wrong working directory, for example if you use sbt then the workspace directory should contain build.sbt. 
2023.07.01 21:15:24 WARN  no build target for: C:\A_New Volume (G;)\A - UCSC\1 ST SEM\SCS 2204 - FUNCTIONAL PROGMNG_(3)\Lab Sheets\SCS-2204-FUNCTIONAL-PROGRAMMING\Labsheet_04\q01.scala
2023.07.01 21:15:24 WARN  no build target for: C:\A_New Volume (G;)\A - UCSC\1 ST SEM\SCS 2204 - FUNCTIONAL PROGMNG_(3)\Lab Sheets\SCS-2204-FUNCTIONAL-PROGRAMMING\Labsheet_04\q02.scala
2023.07.01 21:15:24 WARN  no build target for: C:\A_New Volume (G;)\A - UCSC\1 ST SEM\SCS 2204 - FUNCTIONAL PROGMNG_(3)\Lab Sheets\SCS-2204-FUNCTIONAL-PROGRAMMING\Labsheet_04\q03.scala
Jul 01, 2023 9:15:24 PM org.eclipse.lsp4j.jsonrpc.RemoteEndpoint handleCancellation
WARNING: Unmatched cancel notification for request id 4
Jul 01, 2023 9:15:24 PM org.eclipse.lsp4j.jsonrpc.RemoteEndpoint handleCancellation
WARNING: Unmatched cancel notification for request id 10
Jul 01, 2023 9:15:24 PM org.eclipse.lsp4j.jsonrpc.RemoteEndpoint handleCancellation
WARNING: Unmatched cancel notification for request id 11
Jul 01, 2023 9:15:24 PM org.eclipse.lsp4j.jsonrpc.RemoteEndpoint handleCancellation
WARNING: Unmatched cancel notification for request id 9
Jul 01, 2023 9:15:24 PM org.eclipse.lsp4j.jsonrpc.RemoteEndpoint handleCancellation
WARNING: Unmatched cancel notification for request id 14
2023.07.01 21:15:25 WARN  no build target for: C:\A_New Volume (G;)\A - UCSC\1 ST SEM\SCS 2204 - FUNCTIONAL PROGMNG_(3)\Lab Sheets\SCS-2204-FUNCTIONAL-PROGRAMMING\Labsheet_04\q01.scala
2023.07.01 21:15:25 WARN  no build target for: C:\A_New Volume (G;)\A - UCSC\1 ST SEM\SCS 2204 - FUNCTIONAL PROGMNG_(3)\Lab Sheets\SCS-2204-FUNCTIONAL-PROGRAMMING\Labsheet_04\q02.scala
2023.07.01 21:15:35 WARN  no build target for: C:\A_New Volume (G;)\A - UCSC\1 ST SEM\SCS 2204 - FUNCTIONAL PROGMNG_(3)\Lab Sheets\SCS-2204-FUNCTIONAL-PROGRAMMING\Labsheet_04\q03.scala
2023.07.01 21:15:37 INFO  no build target found for C:\A_New Volume (G;)\A - UCSC\1 ST SEM\SCS 2204 - FUNCTIONAL PROGMNG_(3)\Lab Sheets\SCS-2204-FUNCTIONAL-PROGRAMMING\Labsheet_04\q02.scala. Using presentation compiler with project's scala-library version: 3.2.2
2023.07.01 21:15:40 INFO  time: code lens generation in 16s
2023.07.01 21:15:42 INFO  time: code lens generation in 6.77s
2023.07.01 21:15:43 INFO  time: code lens generation in 18s
2023.07.01 21:15:43 INFO  time: code lens generation in 18s
2023.07.01 21:15:43 INFO  time: code lens generation in 18s
2023.07.01 21:15:43 INFO  time: code lens generation in 18s
2023.07.01 21:16:36 WARN  no build target for: C:\A_New Volume (G;)\A - UCSC\1 ST SEM\SCS 2204 - FUNCTIONAL PROGMNG_(3)\Lab Sheets\SCS-2204-FUNCTIONAL-PROGRAMMING\Labsheet_04\q01.scala
2023.07.01 21:17:02 WARN  no build target for: C:\A_New Volume (G;)\A - UCSC\1 ST SEM\SCS 2204 - FUNCTIONAL PROGMNG_(3)\Lab Sheets\SCS-2204-FUNCTIONAL-PROGRAMMING\Labsheet_04\q01.scala
Jul 01, 2023 9:17:03 PM org.eclipse.lsp4j.jsonrpc.RemoteEndpoint handleCancellation
WARNING: Unmatched cancel notification for request id 125
Jul 01, 2023 9:17:05 PM org.eclipse.lsp4j.jsonrpc.RemoteEndpoint handleCancellation
WARNING: Unmatched cancel notification for request id 137
2023.07.01 21:17:08 ERROR scalafmt: C:\A_New Volume (G;)\A - UCSC\1 ST SEM\SCS 2204 - FUNCTIONAL PROGMNG_(3)\Lab Sheets\SCS-2204-FUNCTIONAL-PROGRAMMING\Labsheet_04\q01.scala:3: error: [dialect scala213] identifier expected but ) found
def interestfunc(deposit : ): Unit = {}
                           ^
2023.07.01 21:17:09 WARN  no build target for: C:\A_New Volume (G;)\A - UCSC\1 ST SEM\SCS 2204 - FUNCTIONAL PROGMNG_(3)\Lab Sheets\SCS-2204-FUNCTIONAL-PROGRAMMING\Labsheet_04\q01.scala
Jul 01, 2023 9:17:15 PM org.eclipse.lsp4j.jsonrpc.RemoteEndpoint handleCancellation
WARNING: Unmatched cancel notification for request id 179
2023.07.01 21:17:16 WARN  no build target for: C:\A_New Volume (G;)\A - UCSC\1 ST SEM\SCS 2204 - FUNCTIONAL PROGMNG_(3)\Lab Sheets\SCS-2204-FUNCTIONAL-PROGRAMMING\Labsheet_04\q01.scala
2023.07.01 21:30:19 INFO  Shutting down server
2023.07.01 21:30:19 INFO  shutting down Metals
2023.07.01 21:30:19 INFO  Exiting server
2023.07.02 05:18:13 INFO  Started: Metals version 0.11.12 in workspace 'C:\A_New Volume (G;)\A - UCSC\1 ST SEM\SCS 2204 - FUNCTIONAL PROGMNG_(3)\Lab Sheets\SCS-2204-FUNCTIONAL-PROGRAMMING\Labsheet_04' for client Visual Studio Code 1.79.2.
Jul 02, 2023 5:18:14 AM org.flywaydb.core.internal.license.VersionPrinter printVersionOnly
INFO: Flyway Community Edition 9.16.3 by Redgate
Jul 02, 2023 5:18:14 AM org.flywaydb.core.internal.license.VersionPrinter printVersion
INFO: See release notes here: https://rd.gt/416ObMi
Jul 02, 2023 5:18:14 AM org.flywaydb.core.internal.license.VersionPrinter printVersion
INFO: 
2023.07.02 05:18:14 WARN  resetting database: C:\A_New Volume (G;)\A - UCSC\1 ST SEM\SCS 2204 - FUNCTIONAL PROGMNG_(3)\Lab Sheets\SCS-2204-FUNCTIONAL-PROGRAMMING\Labsheet_04\.metals\metals.h2.db
2023.07.02 05:18:14 ERROR org.flywaydb.core.internal.exception.FlywaySqlException: Unable to obtain connection from database (jdbc:h2:file:C:\A_New Volume (G;)\A - UCSC\1 ST SEM\SCS 2204 - FUNCTIONAL PROGMNG_(3)\Lab Sheets\SCS-2204-FUNCTIONAL-PROGRAMMING\Labsheet_04\.metals\metals;AUTO_SERVER=TRUE) for user 'sa': URL format error; must be "jdbc:h2:{ {.|mem:}[name] | [file:]fileName | {tcp|ssl}:[//]server[:port][,server2[:port]]/name }[;key=value...]" but is "jdbc:h2:file:C:\\A_New Volume (G" [90046-214]
-----------------------------------------------------------------------------------------------------------------------------------------------------------------------------------------------------------------------------------------------------------------------------------------------------------------------------------------------------------------------------------------------------------------------------------------
SQL State  : 90046
Error Code : 90046
Message    : URL format error; must be "jdbc:h2:{ {.|mem:}[name] | [file:]fileName | {tcp|ssl}:[//]server[:port][,server2[:port]]/name }[;key=value...]" but is "jdbc:h2:file:C:\\A_New Volume (G" [90046-214]

	at org.flywaydb.core.internal.jdbc.JdbcUtils.openConnection(JdbcUtils.java:60)
	at org.flywaydb.core.internal.jdbc.JdbcConnectionFactory.<init>(JdbcConnectionFactory.java:74)
	at org.flywaydb.core.FlywayExecutor.execute(FlywayExecutor.java:140)
	at org.flywaydb.core.Flyway.clean(Flyway.java:234)
	at scala.meta.internal.metals.Tables.migrateOrRestart(Tables.scala:156)
	at scala.meta.internal.metals.Tables.tryUrl(Tables.scala:144)
	at scala.meta.internal.metals.Tables.persistentConnection(Tables.scala:138)
	at scala.meta.internal.metals.Tables.tryAutoServer(Tables.scala:81)
	at scala.meta.internal.metals.Tables.connect(Tables.scala:48)
	at scala.meta.internal.metals.Tables.connection(Tables.scala:74)
	at scala.meta.internal.metals.Tables.$anonfun$fingerprints$1(Tables.scala:39)
	at scala.meta.internal.metals.Fingerprints.load(Fingerprints.scala:52)
	at scala.meta.internal.metals.MetalsLspService.$anonfun$initialize$2(MetalsLspService.scala:876)
	at scala.concurrent.Future$.$anonfun$apply$1(Future.scala:678)
	at scala.concurrent.impl.Promise$Transformation.run(Promise.scala:467)
	at java.util.concurrent.ThreadPoolExecutor.runWorker(ThreadPoolExecutor.java:1136)
	at java.util.concurrent.ThreadPoolExecutor$Worker.run(ThreadPoolExecutor.java:635)
	at java.lang.Thread.run(Thread.java:833)
Caused by: org.h2.jdbc.JdbcSQLNonTransientConnectionException: URL format error; must be "jdbc:h2:{ {.|mem:}[name] | [file:]fileName | {tcp|ssl}:[//]server[:port][,server2[:port]]/name }[;key=value...]" but is "jdbc:h2:file:C:\\A_New Volume (G" [90046-214]
	at org.h2.message.DbException.getJdbcSQLException(DbException.java:678)
	at org.h2.message.DbException.getJdbcSQLException(DbException.java:477)
	at org.h2.message.DbException.get(DbException.java:223)
	at org.h2.engine.ConnectionInfo.getFormatException(ConnectionInfo.java:687)
	at org.h2.engine.ConnectionInfo.readSettingsFromURL(ConnectionInfo.java:330)
	at org.h2.engine.ConnectionInfo.<init>(ConnectionInfo.java:97)
	at org.h2.jdbc.JdbcConnection.<init>(JdbcConnection.java:113)
	at org.h2.Driver.connect(Driver.java:59)
	at org.flywaydb.core.internal.jdbc.DriverDataSource.getConnectionFromDriver(DriverDataSource.java:258)
	at org.flywaydb.core.internal.jdbc.DriverDataSource.getConnection(DriverDataSource.java:223)
	at org.flywaydb.core.internal.jdbc.JdbcUtils.openConnection(JdbcUtils.java:48)
	at org.flywaydb.core.internal.jdbc.JdbcConnectionFactory.<init>(JdbcConnectionFactory.java:74)
	at org.flywaydb.core.FlywayExecutor.execute(FlywayExecutor.java:140)
	at org.flywaydb.core.Flyway.clean(Flyway.java:234)
	at scala.meta.internal.metals.Tables.migrateOrRestart(Tables.scala:156)
	at scala.meta.internal.metals.Tables.tryUrl(Tables.scala:144)
	at scala.meta.internal.metals.Tables.persistentConnection(Tables.scala:138)
	at scala.meta.internal.metals.Tables.tryAutoServer(Tables.scala:81)
	at scala.meta.internal.metals.Tables.connect(Tables.scala:48)
	at scala.meta.internal.metals.Tables.connection(Tables.scala:74)
	at scala.meta.internal.metals.Tables.$anonfun$fingerprints$1(Tables.scala:39)
	at scala.meta.internal.metals.Fingerprints.load(Fingerprints.scala:52)
	at scala.meta.internal.metals.MetalsLspService.$anonfun$initialize$2(MetalsLspService.scala:876)
	at scala.concurrent.Future$.$anonfun$apply$1(Future.scala:678)
	at scala.concurrent.impl.Promise$Transformation.run(Promise.scala:467)
	at java.util.concurrent.ThreadPoolExecutor.runWorker(ThreadPoolExecutor.java:1136)
	at java.util.concurrent.ThreadPoolExecutor$Worker.run(ThreadPoolExecutor.java:635)
	at java.lang.Thread.run(Thread.java:833)

2023.07.02 05:18:14 WARN  resetting database: C:\A_New Volume (G;)\A - UCSC\1 ST SEM\SCS 2204 - FUNCTIONAL PROGMNG_(3)\Lab Sheets\SCS-2204-FUNCTIONAL-PROGRAMMING\Labsheet_04\.metals\metals.h2.db
2023.07.02 05:18:14 ERROR unable to setup persistent H2 database with AUTO_SERVER=false, falling back to in-memory database. This means you may be redundantly asked to execute 'Import build', even if it's not needed. Also, code navigation will not work for existing files in the .metals/readonly/ directory. To fix this problem, make sure you only have one running Metals server in the directory 'C:\A_New Volume (G;)\A - UCSC\1 ST SEM\SCS 2204 - FUNCTIONAL PROGMNG_(3)\Lab Sheets\SCS-2204-FUNCTIONAL-PROGRAMMING\Labsheet_04'.
org.flywaydb.core.internal.exception.FlywaySqlException: Unable to obtain connection from database (jdbc:h2:file:C:\A_New Volume (G;)\A - UCSC\1 ST SEM\SCS 2204 - FUNCTIONAL PROGMNG_(3)\Lab Sheets\SCS-2204-FUNCTIONAL-PROGRAMMING\Labsheet_04\.metals\metals;AUTO_SERVER=TRUE) for user 'sa': URL format error; must be "jdbc:h2:{ {.|mem:}[name] | [file:]fileName | {tcp|ssl}:[//]server[:port][,server2[:port]]/name }[;key=value...]" but is "jdbc:h2:file:C:\\A_New Volume (G" [90046-214]
-----------------------------------------------------------------------------------------------------------------------------------------------------------------------------------------------------------------------------------------------------------------------------------------------------------------------------------------------------------------------------------------------------------------------------------------
SQL State  : 90046
Error Code : 90046
Message    : URL format error; must be "jdbc:h2:{ {.|mem:}[name] | [file:]fileName | {tcp|ssl}:[//]server[:port][,server2[:port]]/name }[;key=value...]" but is "jdbc:h2:file:C:\\A_New Volume (G" [90046-214]

	at org.flywaydb.core.internal.jdbc.JdbcUtils.openConnection(JdbcUtils.java:60)
	at org.flywaydb.core.internal.jdbc.JdbcConnectionFactory.<init>(JdbcConnectionFactory.java:74)
	at org.flywaydb.core.FlywayExecutor.execute(FlywayExecutor.java:140)
	at org.flywaydb.core.Flyway.clean(Flyway.java:234)
	at scala.meta.internal.metals.Tables.migrateOrRestart(Tables.scala:156)
	at scala.meta.internal.metals.Tables.tryUrl(Tables.scala:144)
	at scala.meta.internal.metals.Tables.persistentConnection(Tables.scala:138)
	at scala.meta.internal.metals.Tables.tryNoAutoServer(Tables.scala:98)
	at scala.meta.internal.metals.Tables.tryAutoServer(Tables.scala:92)
	at scala.meta.internal.metals.Tables.connect(Tables.scala:48)
	at scala.meta.internal.metals.Tables.connection(Tables.scala:74)
	at scala.meta.internal.metals.Tables.$anonfun$fingerprints$1(Tables.scala:39)
	at scala.meta.internal.metals.Fingerprints.load(Fingerprints.scala:52)
	at scala.meta.internal.metals.MetalsLspService.$anonfun$initialize$2(MetalsLspService.scala:876)
	at scala.concurrent.Future$.$anonfun$apply$1(Future.scala:678)
	at scala.concurrent.impl.Promise$Transformation.run(Promise.scala:467)
	at java.util.concurrent.ThreadPoolExecutor.runWorker(ThreadPoolExecutor.java:1136)
	at java.util.concurrent.ThreadPoolExecutor$Worker.run(ThreadPoolExecutor.java:635)
	at java.lang.Thread.run(Thread.java:833)
Caused by: org.h2.jdbc.JdbcSQLNonTransientConnectionException: URL format error; must be "jdbc:h2:{ {.|mem:}[name] | [file:]fileName | {tcp|ssl}:[//]server[:port][,server2[:port]]/name }[;key=value...]" but is "jdbc:h2:file:C:\\A_New Volume (G" [90046-214]
	at org.h2.message.DbException.getJdbcSQLException(DbException.java:678)
	at org.h2.message.DbException.getJdbcSQLException(DbException.java:477)
	at org.h2.message.DbException.get(DbException.java:223)
	at org.h2.engine.ConnectionInfo.getFormatException(ConnectionInfo.java:687)
	at org.h2.engine.ConnectionInfo.readSettingsFromURL(ConnectionInfo.java:330)
	at org.h2.engine.ConnectionInfo.<init>(ConnectionInfo.java:97)
	at org.h2.jdbc.JdbcConnection.<init>(JdbcConnection.java:113)
	at org.h2.Driver.connect(Driver.java:59)
	at org.flywaydb.core.internal.jdbc.DriverDataSource.getConnectionFromDriver(DriverDataSource.java:258)
	at org.flywaydb.core.internal.jdbc.DriverDataSource.getConnection(DriverDataSource.java:223)
	at org.flywaydb.core.internal.jdbc.JdbcUtils.openConnection(JdbcUtils.java:48)
	at org.flywaydb.core.internal.jdbc.JdbcConnectionFactory.<init>(JdbcConnectionFactory.java:74)
	at org.flywaydb.core.FlywayExecutor.execute(FlywayExecutor.java:140)
	at org.flywaydb.core.Flyway.clean(Flyway.java:234)
	at scala.meta.internal.metals.Tables.migrateOrRestart(Tables.scala:156)
	at scala.meta.internal.metals.Tables.tryUrl(Tables.scala:144)
	at scala.meta.internal.metals.Tables.persistentConnection(Tables.scala:138)
	at scala.meta.internal.metals.Tables.tryNoAutoServer(Tables.scala:98)
	at scala.meta.internal.metals.Tables.tryAutoServer(Tables.scala:92)
	at scala.meta.internal.metals.Tables.connect(Tables.scala:48)
	at scala.meta.internal.metals.Tables.connection(Tables.scala:74)
	at scala.meta.internal.metals.Tables.$anonfun$fingerprints$1(Tables.scala:39)
	at scala.meta.internal.metals.Fingerprints.load(Fingerprints.scala:52)
	at scala.meta.internal.metals.MetalsLspService.$anonfun$initialize$2(MetalsLspService.scala:876)
	at scala.concurrent.Future$.$anonfun$apply$1(Future.scala:678)
	at scala.concurrent.impl.Promise$Transformation.run(Promise.scala:467)
	at java.util.concurrent.ThreadPoolExecutor.runWorker(ThreadPoolExecutor.java:1136)
	at java.util.concurrent.ThreadPoolExecutor$Worker.run(ThreadPoolExecutor.java:635)
	at java.lang.Thread.run(Thread.java:833)

Jul 02, 2023 5:18:14 AM org.flywaydb.core.internal.database.base.BaseDatabaseType createDatabase
INFO: Database: jdbc:h2:mem:metals (H2 2.1)
Jul 02, 2023 5:18:14 AM org.flywaydb.core.internal.schemahistory.JdbcTableSchemaHistory allAppliedMigrations
INFO: Schema history table "PUBLIC"."flyway_schema_history" does not exist yet
Jul 02, 2023 5:18:14 AM org.flywaydb.core.internal.command.DbValidate validate
INFO: Successfully validated 4 migrations (execution time 00:00.073s)
Jul 02, 2023 5:18:15 AM org.flywaydb.core.internal.schemahistory.JdbcTableSchemaHistory create
INFO: Creating Schema History table "PUBLIC"."flyway_schema_history" ...
Jul 02, 2023 5:18:15 AM org.flywaydb.core.internal.command.DbMigrate migrateGroup
INFO: Current version of schema "PUBLIC": << Empty Schema >>
Jul 02, 2023 5:18:15 AM org.flywaydb.core.internal.command.DbMigrate doMigrateGroup
INFO: Migrating schema "PUBLIC" to version "1 - Create tables"
Jul 02, 2023 5:18:15 AM org.flywaydb.core.internal.command.DbMigrate doMigrateGroup
INFO: Migrating schema "PUBLIC" to version "2 - Server discovery"
Jul 02, 2023 5:18:15 AM org.flywaydb.core.internal.command.DbMigrate doMigrateGroup
INFO: Migrating schema "PUBLIC" to version "3 - Jar symbols"
Jul 02, 2023 5:18:15 AM org.flywaydb.core.internal.command.DbMigrate doMigrateGroup
INFO: Migrating schema "PUBLIC" to version "4 - Fingerprints"
Jul 02, 2023 5:18:15 AM org.flywaydb.core.internal.command.DbMigrate logSummary
INFO: Successfully applied 4 migrations to schema "PUBLIC", now at version v4 (execution time 00:00.147s)
2023.07.02 05:18:15 INFO  time: initialize in 1.42s
2023.07.02 05:18:19 WARN  Build server is not auto-connectable.
2023.07.02 05:18:19 WARN  no build tool detected in workspace 'C:\A_New Volume (G;)\A - UCSC\1 ST SEM\SCS 2204 - FUNCTIONAL PROGMNG_(3)\Lab Sheets\SCS-2204-FUNCTIONAL-PROGRAMMING\Labsheet_04'. The most common cause for this problem is that the editor was opened in the wrong working directory, for example if you use sbt then the workspace directory should contain build.sbt. 
2023.07.02 05:18:19 WARN  no build target for: C:\A_New Volume (G;)\A - UCSC\1 ST SEM\SCS 2204 - FUNCTIONAL PROGMNG_(3)\Lab Sheets\SCS-2204-FUNCTIONAL-PROGRAMMING\Labsheet_04\q01.scala
2023.07.02 05:18:19 WARN  no build target for: C:\A_New Volume (G;)\A - UCSC\1 ST SEM\SCS 2204 - FUNCTIONAL PROGMNG_(3)\Lab Sheets\SCS-2204-FUNCTIONAL-PROGRAMMING\Labsheet_04\q02.scala
2023.07.02 05:18:30 INFO  no build target found for C:\A_New Volume (G;)\A - UCSC\1 ST SEM\SCS 2204 - FUNCTIONAL PROGMNG_(3)\Lab Sheets\SCS-2204-FUNCTIONAL-PROGRAMMING\Labsheet_04\q01.scala. Using presentation compiler with project's scala-library version: 3.2.2
2023.07.02 05:18:33 WARN  no build target for: C:\A_New Volume (G;)\A - UCSC\1 ST SEM\SCS 2204 - FUNCTIONAL PROGMNG_(3)\Lab Sheets\SCS-2204-FUNCTIONAL-PROGRAMMING\Labsheet_04\q01.scala
2023.07.02 05:18:36 INFO  time: code lens generation in 16s
2023.07.02 05:19:58 ERROR scalafmt: C:\A_New Volume (G;)\A - UCSC\1 ST SEM\SCS 2204 - FUNCTIONAL PROGMNG_(3)\Lab Sheets\SCS-2204-FUNCTIONAL-PROGRAMMING\Labsheet_04\q01.scala:4: error: [dialect scala213] case expected but identifier found
    | case x if x < 0 => 0
    ^
2023.07.02 05:19:58 WARN  no build target for: C:\A_New Volume (G;)\A - UCSC\1 ST SEM\SCS 2204 - FUNCTIONAL PROGMNG_(3)\Lab Sheets\SCS-2204-FUNCTIONAL-PROGRAMMING\Labsheet_04\q01.scala
2023.07.02 05:20:52 ERROR scalafmt: C:\A_New Volume (G;)\A - UCSC\1 ST SEM\SCS 2204 - FUNCTIONAL PROGMNG_(3)\Lab Sheets\SCS-2204-FUNCTIONAL-PROGRAMMING\Labsheet_04\q01.scala:4: error: [dialect scala213] case expected but identifier found
    | case x if x < 0 => 0
    ^
2023.07.02 05:20:52 WARN  no build target for: C:\A_New Volume (G;)\A - UCSC\1 ST SEM\SCS 2204 - FUNCTIONAL PROGMNG_(3)\Lab Sheets\SCS-2204-FUNCTIONAL-PROGRAMMING\Labsheet_04\q01.scala
Jul 02, 2023 5:21:18 AM org.eclipse.lsp4j.jsonrpc.RemoteEndpoint handleCancellation
WARNING: Unmatched cancel notification for request id 146
2023.07.02 05:21:28 ERROR scalafmt: C:\A_New Volume (G;)\A - UCSC\1 ST SEM\SCS 2204 - FUNCTIONAL PROGMNG_(3)\Lab Sheets\SCS-2204-FUNCTIONAL-PROGRAMMING\Labsheet_04\q01.scala:4: error: [dialect scala213] case expected but identifier found
    | case x if x < 0 => 0
    ^
2023.07.02 05:21:28 WARN  no build target for: C:\A_New Volume (G;)\A - UCSC\1 ST SEM\SCS 2204 - FUNCTIONAL PROGMNG_(3)\Lab Sheets\SCS-2204-FUNCTIONAL-PROGRAMMING\Labsheet_04\q01.scala
Jul 02, 2023 5:21:38 AM org.eclipse.lsp4j.jsonrpc.RemoteEndpoint handleCancellation
WARNING: Unmatched cancel notification for request id 205
2023.07.02 05:21:43 ERROR scalafmt: C:\A_New Volume (G;)\A - UCSC\1 ST SEM\SCS 2204 - FUNCTIONAL PROGMNG_(3)\Lab Sheets\SCS-2204-FUNCTIONAL-PROGRAMMING\Labsheet_04\q01.scala:4: error: [dialect scala213] case expected but identifier found
    | case x if x < 0 => 0
    ^
2023.07.02 05:21:43 WARN  no build target for: C:\A_New Volume (G;)\A - UCSC\1 ST SEM\SCS 2204 - FUNCTIONAL PROGMNG_(3)\Lab Sheets\SCS-2204-FUNCTIONAL-PROGRAMMING\Labsheet_04\q01.scala
Jul 02, 2023 5:22:15 AM org.eclipse.lsp4j.jsonrpc.RemoteEndpoint handleCancellation
WARNING: Unmatched cancel notification for request id 327
Jul 02, 2023 5:22:17 AM org.eclipse.lsp4j.jsonrpc.RemoteEndpoint handleCancellation
WARNING: Unmatched cancel notification for request id 341
Jul 02, 2023 5:22:33 AM org.eclipse.lsp4j.jsonrpc.RemoteEndpoint handleCancellation
WARNING: Unmatched cancel notification for request id 357
Jul 02, 2023 5:22:59 AM org.eclipse.lsp4j.jsonrpc.RemoteEndpoint handleCancellation
WARNING: Unmatched cancel notification for request id 452
Jul 02, 2023 5:23:31 AM org.eclipse.lsp4j.jsonrpc.RemoteEndpoint handleCancellation
WARNING: Unmatched cancel notification for request id 565
Jul 02, 2023 5:23:56 AM org.eclipse.lsp4j.jsonrpc.RemoteEndpoint handleCancellation
WARNING: Unmatched cancel notification for request id 614
2023.07.02 05:24:04 WARN  no build target for: C:\A_New Volume (G;)\A - UCSC\1 ST SEM\SCS 2204 - FUNCTIONAL PROGMNG_(3)\Lab Sheets\SCS-2204-FUNCTIONAL-PROGRAMMING\Labsheet_04\q01.scala
2023.07.02 05:24:44 WARN  no build target for: C:\A_New Volume (G;)\A - UCSC\1 ST SEM\SCS 2204 - FUNCTIONAL PROGMNG_(3)\Lab Sheets\SCS-2204-FUNCTIONAL-PROGRAMMING\Labsheet_04\q01.scala
2023.07.02 05:25:01 WARN  no build target for: C:\A_New Volume (G;)\A - UCSC\1 ST SEM\SCS 2204 - FUNCTIONAL PROGMNG_(3)\Lab Sheets\SCS-2204-FUNCTIONAL-PROGRAMMING\Labsheet_04\q01.scala
Jul 02, 2023 5:25:28 AM scala.meta.internal.pc.CompilerAccess handleError
SEVERE: Comparison method violates its general contract!
java.lang.IllegalArgumentException: Comparison method violates its general contract!
	at java.base/java.util.TimSort.mergeLo(TimSort.java:781)
	at java.base/java.util.TimSort.mergeAt(TimSort.java:518)
	at java.base/java.util.TimSort.mergeForceCollapse(TimSort.java:461)
	at java.base/java.util.TimSort.sort(TimSort.java:254)
	at java.base/java.util.Arrays.sort(Arrays.java:1233)
	at scala.collection.SeqOps.sorted(Seq.scala:727)
	at scala.collection.SeqOps.sorted$(Seq.scala:719)
	at scala.collection.immutable.List.scala$collection$immutable$StrictOptimizedSeqOps$$super$sorted(List.scala:79)
	at scala.collection.immutable.StrictOptimizedSeqOps.sorted(StrictOptimizedSeqOps.scala:78)
	at scala.collection.immutable.StrictOptimizedSeqOps.sorted$(StrictOptimizedSeqOps.scala:78)
	at scala.collection.immutable.List.sorted(List.scala:79)
	at scala.meta.internal.pc.completions.Completions.completions(Completions.scala:215)
	at scala.meta.internal.pc.completions.CompletionProvider.completions(CompletionProvider.scala:86)

2023.07.02 05:25:32 WARN  no build target for: C:\A_New Volume (G;)\A - UCSC\1 ST SEM\SCS 2204 - FUNCTIONAL PROGMNG_(3)\Lab Sheets\SCS-2204-FUNCTIONAL-PROGRAMMING\Labsheet_04\q01.scala
2023.07.02 05:26:27 WARN  no build target for: C:\A_New Volume (G;)\A - UCSC\1 ST SEM\SCS 2204 - FUNCTIONAL PROGMNG_(3)\Lab Sheets\SCS-2204-FUNCTIONAL-PROGRAMMING\Labsheet_04\q01.scala
Jul 02, 2023 5:26:38 AM org.eclipse.lsp4j.jsonrpc.RemoteEndpoint handleCancellation
WARNING: Unmatched cancel notification for request id 894
2023.07.02 05:26:42 WARN  no build target for: C:\A_New Volume (G;)\A - UCSC\1 ST SEM\SCS 2204 - FUNCTIONAL PROGMNG_(3)\Lab Sheets\SCS-2204-FUNCTIONAL-PROGRAMMING\Labsheet_04\q01.scala
2023.07.02 05:27:45 ERROR scalafmt: C:\A_New Volume (G;)\A - UCSC\1 ST SEM\SCS 2204 - FUNCTIONAL PROGMNG_(3)\Lab Sheets\SCS-2204-FUNCTIONAL-PROGRAMMING\Labsheet_04\q01.scala:4: error: [dialect scala213] illegal start of simple expression
  var x: Double = interestfunc(200);
  ^
2023.07.02 05:27:45 WARN  no build target for: C:\A_New Volume (G;)\A - UCSC\1 ST SEM\SCS 2204 - FUNCTIONAL PROGMNG_(3)\Lab Sheets\SCS-2204-FUNCTIONAL-PROGRAMMING\Labsheet_04\q01.scala
Jul 02, 2023 5:28:14 AM org.eclipse.lsp4j.jsonrpc.RemoteEndpoint handleCancellation
WARNING: Unmatched cancel notification for request id 1087
Jul 02, 2023 5:28:17 AM org.eclipse.lsp4j.jsonrpc.RemoteEndpoint handleCancellation
WARNING: Unmatched cancel notification for request id 1090
Jul 02, 2023 5:28:31 AM org.eclipse.lsp4j.jsonrpc.RemoteEndpoint handleCancellation
WARNING: Unmatched cancel notification for request id 1176
Jul 02, 2023 5:28:35 AM org.eclipse.lsp4j.jsonrpc.RemoteEndpoint handleCancellation
WARNING: Unmatched cancel notification for request id 1219
2023.07.02 05:28:40 WARN  no build target for: C:\A_New Volume (G;)\A - UCSC\1 ST SEM\SCS 2204 - FUNCTIONAL PROGMNG_(3)\Lab Sheets\SCS-2204-FUNCTIONAL-PROGRAMMING\Labsheet_04\q01.scala
2023.07.02 05:30:31 WARN  no build target for: C:\A_New Volume (G;)\A - UCSC\1 ST SEM\SCS 2204 - FUNCTIONAL PROGMNG_(3)\Lab Sheets\SCS-2204-FUNCTIONAL-PROGRAMMING\Labsheet_04\q02.scala
2023.07.02 05:30:42 WARN  no build target for: C:\A_New Volume (G;)\A - UCSC\1 ST SEM\SCS 2204 - FUNCTIONAL PROGMNG_(3)\Lab Sheets\SCS-2204-FUNCTIONAL-PROGRAMMING\Labsheet_04\q01.scala
Jul 02, 2023 5:32:12 AM org.eclipse.lsp4j.jsonrpc.RemoteEndpoint handleCancellation
WARNING: Unmatched cancel notification for request id 1353
2023.07.02 05:32:40 ERROR scalafmt: C:\A_New Volume (G;)\A - UCSC\1 ST SEM\SCS 2204 - FUNCTIONAL PROGMNG_(3)\Lab Sheets\SCS-2204-FUNCTIONAL-PROGRAMMING\Labsheet_04\q02.scala:6: error: [dialect scala213] illegal start of simple expression

^
2023.07.02 05:32:40 WARN  no build target for: C:\A_New Volume (G;)\A - UCSC\1 ST SEM\SCS 2204 - FUNCTIONAL PROGMNG_(3)\Lab Sheets\SCS-2204-FUNCTIONAL-PROGRAMMING\Labsheet_04\q02.scala
Jul 02, 2023 5:32:52 AM org.eclipse.lsp4j.jsonrpc.RemoteEndpoint handleCancellation
WARNING: Unmatched cancel notification for request id 1521
2023.07.02 05:32:59 ERROR scalafmt: C:\A_New Volume (G;)\A - UCSC\1 ST SEM\SCS 2204 - FUNCTIONAL PROGMNG_(3)\Lab Sheets\SCS-2204-FUNCTIONAL-PROGRAMMING\Labsheet_04\q02.scala:7: error: [dialect scala213] illegal start of simple pattern
}
^
2023.07.02 05:32:59 WARN  no build target for: C:\A_New Volume (G;)\A - UCSC\1 ST SEM\SCS 2204 - FUNCTIONAL PROGMNG_(3)\Lab Sheets\SCS-2204-FUNCTIONAL-PROGRAMMING\Labsheet_04\q02.scala
2023.07.02 05:33:21 ERROR scalafmt: C:\A_New Volume (G;)\A - UCSC\1 ST SEM\SCS 2204 - FUNCTIONAL PROGMNG_(3)\Lab Sheets\SCS-2204-FUNCTIONAL-PROGRAMMING\Labsheet_04\q02.scala:7: error: [dialect scala213] => expected but } found
}
^
2023.07.02 05:33:21 WARN  no build target for: C:\A_New Volume (G;)\A - UCSC\1 ST SEM\SCS 2204 - FUNCTIONAL PROGMNG_(3)\Lab Sheets\SCS-2204-FUNCTIONAL-PROGRAMMING\Labsheet_04\q02.scala
Jul 02, 2023 5:33:42 AM org.eclipse.lsp4j.jsonrpc.RemoteEndpoint handleCancellation
WARNING: Unmatched cancel notification for request id 1687
Jul 02, 2023 5:33:56 AM org.eclipse.lsp4j.jsonrpc.RemoteEndpoint handleCancellation
WARNING: Unmatched cancel notification for request id 1764
Jul 02, 2023 5:34:55 AM org.eclipse.lsp4j.jsonrpc.RemoteEndpoint handleCancellation
WARNING: Unmatched cancel notification for request id 2064
Jul 02, 2023 5:34:57 AM org.eclipse.lsp4j.jsonrpc.RemoteEndpoint handleCancellation
WARNING: Unmatched cancel notification for request id 2075
Jul 02, 2023 5:35:33 AM org.eclipse.lsp4j.jsonrpc.RemoteEndpoint handleCancellation
WARNING: Unmatched cancel notification for request id 2213
2023.07.02 05:35:38 WARN  no build target for: C:\A_New Volume (G;)\A - UCSC\1 ST SEM\SCS 2204 - FUNCTIONAL PROGMNG_(3)\Lab Sheets\SCS-2204-FUNCTIONAL-PROGRAMMING\Labsheet_04\q02.scala
2023.07.02 05:36:14 WARN  no build target for: C:\A_New Volume (G;)\A - UCSC\1 ST SEM\SCS 2204 - FUNCTIONAL PROGMNG_(3)\Lab Sheets\SCS-2204-FUNCTIONAL-PROGRAMMING\Labsheet_04\q02.scala
Jul 02, 2023 5:37:17 AM org.eclipse.lsp4j.jsonrpc.RemoteEndpoint handleCancellation
WARNING: Unmatched cancel notification for request id 2304
2023.07.02 05:37:18 WARN  no build target for: C:\A_New Volume (G;)\A - UCSC\1 ST SEM\SCS 2204 - FUNCTIONAL PROGMNG_(3)\Lab Sheets\SCS-2204-FUNCTIONAL-PROGRAMMING\Labsheet_04\q03.scala
Jul 02, 2023 5:38:45 AM org.eclipse.lsp4j.jsonrpc.RemoteEndpoint handleCancellation
WARNING: Unmatched cancel notification for request id 2484
Jul 02, 2023 5:38:48 AM org.eclipse.lsp4j.jsonrpc.RemoteEndpoint handleCancellation
WARNING: Unmatched cancel notification for request id 2499
Jul 02, 2023 5:38:51 AM org.eclipse.lsp4j.jsonrpc.RemoteEndpoint handleCancellation
WARNING: Unmatched cancel notification for request id 2521
Jul 02, 2023 5:39:56 AM org.eclipse.lsp4j.jsonrpc.RemoteEndpoint handleCancellation
WARNING: Unmatched cancel notification for request id 2756
Jul 02, 2023 5:41:10 AM org.eclipse.lsp4j.jsonrpc.RemoteEndpoint handleCancellation
WARNING: Unmatched cancel notification for request id 3091
2023.07.02 05:41:41 WARN  no build target for: C:\A_New Volume (G;)\A - UCSC\1 ST SEM\SCS 2204 - FUNCTIONAL PROGMNG_(3)\Lab Sheets\SCS-2204-FUNCTIONAL-PROGRAMMING\Labsheet_04\q03.scala
Jul 02, 2023 5:42:11 AM org.eclipse.lsp4j.jsonrpc.RemoteEndpoint handleCancellation
WARNING: Unmatched cancel notification for request id 3214
Jul 02, 2023 5:42:22 AM org.eclipse.lsp4j.jsonrpc.RemoteEndpoint handleCancellation
WARNING: Unmatched cancel notification for request id 3263
Jul 02, 2023 5:42:29 AM org.eclipse.lsp4j.jsonrpc.RemoteEndpoint handleCancellation
WARNING: Unmatched cancel notification for request id 3306
2023.07.02 05:42:33 WARN  no build target for: C:\A_New Volume (G;)\A - UCSC\1 ST SEM\SCS 2204 - FUNCTIONAL PROGMNG_(3)\Lab Sheets\SCS-2204-FUNCTIONAL-PROGRAMMING\Labsheet_04\q03.scala
2023.07.02 05:43:17 WARN  no build target for: C:\A_New Volume (G;)\A - UCSC\1 ST SEM\SCS 2204 - FUNCTIONAL PROGMNG_(3)\Lab Sheets\SCS-2204-FUNCTIONAL-PROGRAMMING\Labsheet_04\q03.scala
Jul 02, 2023 5:43:43 AM org.eclipse.lsp4j.jsonrpc.RemoteEndpoint handleCancellation
WARNING: Unmatched cancel notification for request id 3360
Jul 02, 2023 5:44:16 AM org.eclipse.lsp4j.jsonrpc.RemoteEndpoint handleCancellation
WARNING: Unmatched cancel notification for request id 3446
2023.07.02 05:44:35 WARN  no build target for: C:\A_New Volume (G;)\A - UCSC\1 ST SEM\SCS 2204 - FUNCTIONAL PROGMNG_(3)\Lab Sheets\SCS-2204-FUNCTIONAL-PROGRAMMING\Labsheet_04\q03.scala
2023.07.02 05:44:48 WARN  no build target for: C:\A_New Volume (G;)\A - UCSC\1 ST SEM\SCS 2204 - FUNCTIONAL PROGMNG_(3)\Lab Sheets\SCS-2204-FUNCTIONAL-PROGRAMMING\Labsheet_04\q03.scala
2023.07.02 05:45:56 WARN  no build target for: C:\A_New Volume (G;)\A - UCSC\1 ST SEM\SCS 2204 - FUNCTIONAL PROGMNG_(3)\Lab Sheets\SCS-2204-FUNCTIONAL-PROGRAMMING\Labsheet_04\q03.scala
2023.07.02 05:46:59 WARN  no build target for: C:\A_New Volume (G;)\A - UCSC\1 ST SEM\SCS 2204 - FUNCTIONAL PROGMNG_(3)\Lab Sheets\SCS-2204-FUNCTIONAL-PROGRAMMING\Labsheet_04\q03.scala
Jul 02, 2023 5:47:22 AM org.eclipse.lsp4j.jsonrpc.RemoteEndpoint handleCancellation
WARNING: Unmatched cancel notification for request id 3660
Jul 02, 2023 5:49:24 AM org.eclipse.lsp4j.jsonrpc.RemoteEndpoint handleCancellation
WARNING: Unmatched cancel notification for request id 3688
2023.07.02 05:49:42 WARN  no build target for: C:\A_New Volume (G;)\A - UCSC\1 ST SEM\SCS 2204 - FUNCTIONAL PROGMNG_(3)\Lab Sheets\SCS-2204-FUNCTIONAL-PROGRAMMING\Labsheet_04\q03.scala
2023.07.02 05:50:44 WARN  no build target for: C:\A_New Volume (G;)\A - UCSC\1 ST SEM\SCS 2204 - FUNCTIONAL PROGMNG_(3)\Lab Sheets\SCS-2204-FUNCTIONAL-PROGRAMMING\Labsheet_04\q03.scala
Jul 02, 2023 5:50:56 AM org.eclipse.lsp4j.jsonrpc.RemoteEndpoint handleCancellation
WARNING: Unmatched cancel notification for request id 3720
2023.07.02 05:51:11 WARN  no build target for: C:\A_New Volume (G;)\A - UCSC\1 ST SEM\SCS 2204 - FUNCTIONAL PROGMNG_(3)\Lab Sheets\SCS-2204-FUNCTIONAL-PROGRAMMING\Labsheet_04\q03.scala
Jul 02, 2023 5:51:43 AM org.eclipse.lsp4j.jsonrpc.RemoteEndpoint handleCancellation
WARNING: Unmatched cancel notification for request id 3748
Jul 02, 2023 5:51:45 AM org.eclipse.lsp4j.jsonrpc.RemoteEndpoint handleCancellation
WARNING: Unmatched cancel notification for request id 3753
2023.07.02 05:51:48 WARN  no build target for: C:\A_New Volume (G;)\A - UCSC\1 ST SEM\SCS 2204 - FUNCTIONAL PROGMNG_(3)\Lab Sheets\SCS-2204-FUNCTIONAL-PROGRAMMING\Labsheet_04\q03.scala
Jul 02, 2023 5:52:24 AM org.eclipse.lsp4j.jsonrpc.RemoteEndpoint handleCancellation
WARNING: Unmatched cancel notification for request id 3853
Jul 02, 2023 5:52:33 AM org.eclipse.lsp4j.jsonrpc.RemoteEndpoint handleCancellation
WARNING: Unmatched cancel notification for request id 3881
Jul 02, 2023 5:52:39 AM org.eclipse.lsp4j.jsonrpc.RemoteEndpoint handleCancellation
WARNING: Unmatched cancel notification for request id 3883
Jul 02, 2023 5:52:44 AM org.eclipse.lsp4j.jsonrpc.RemoteEndpoint handleCancellation
WARNING: Unmatched cancel notification for request id 3926
Jul 02, 2023 5:52:57 AM org.eclipse.lsp4j.jsonrpc.RemoteEndpoint handleCancellation
WARNING: Unmatched cancel notification for request id 3988
2023.07.02 05:53:08 WARN  no build target for: C:\A_New Volume (G;)\A - UCSC\1 ST SEM\SCS 2204 - FUNCTIONAL PROGMNG_(3)\Lab Sheets\SCS-2204-FUNCTIONAL-PROGRAMMING\Labsheet_04\q03.scala
2023.07.02 05:53:31 WARN  no build target for: C:\A_New Volume (G;)\A - UCSC\1 ST SEM\SCS 2204 - FUNCTIONAL PROGMNG_(3)\Lab Sheets\SCS-2204-FUNCTIONAL-PROGRAMMING\Labsheet_04\q03.scala
2023.07.02 05:53:58 ERROR scalafmt: C:\A_New Volume (G;)\A - UCSC\1 ST SEM\SCS 2204 - FUNCTIONAL PROGMNG_(3)\Lab Sheets\SCS-2204-FUNCTIONAL-PROGRAMMING\Labsheet_04\q03.scala:3: error: [dialect scala213] illegal start of simple expression
  val str1: String = toUpper("Hey_there")
  ^
2023.07.02 05:53:58 WARN  no build target for: C:\A_New Volume (G;)\A - UCSC\1 ST SEM\SCS 2204 - FUNCTIONAL PROGMNG_(3)\Lab Sheets\SCS-2204-FUNCTIONAL-PROGRAMMING\Labsheet_04\q03.scala
Jul 02, 2023 5:54:17 AM org.eclipse.lsp4j.jsonrpc.RemoteEndpoint handleCancellation
WARNING: Unmatched cancel notification for request id 4210
2023.07.02 05:54:27 WARN  no build target for: C:\A_New Volume (G;)\A - UCSC\1 ST SEM\SCS 2204 - FUNCTIONAL PROGMNG_(3)\Lab Sheets\SCS-2204-FUNCTIONAL-PROGRAMMING\Labsheet_04\q03.scala
2023.07.02 05:55:03 WARN  no build target for: C:\A_New Volume (G;)\A - UCSC\1 ST SEM\SCS 2204 - FUNCTIONAL PROGMNG_(3)\Lab Sheets\SCS-2204-FUNCTIONAL-PROGRAMMING\Labsheet_04\q03.scala
2023.07.02 05:56:00 WARN  no build target for: C:\A_New Volume (G;)\A - UCSC\1 ST SEM\SCS 2204 - FUNCTIONAL PROGMNG_(3)\Lab Sheets\SCS-2204-FUNCTIONAL-PROGRAMMING\Labsheet_04\q03.scala
2023.07.02 05:56:10 WARN  no build target for: C:\A_New Volume (G;)\A - UCSC\1 ST SEM\SCS 2204 - FUNCTIONAL PROGMNG_(3)\Lab Sheets\SCS-2204-FUNCTIONAL-PROGRAMMING\Labsheet_04\q03.scala
2023.07.02 07:24:21 INFO  Shutting down server
2023.07.02 07:24:21 INFO  shutting down Metals
2023.07.02 07:24:21 INFO  Exiting server
2023.07.03 05:04:11 INFO  Started: Metals version 0.11.12 in workspace 'C:\A_New Volume (G;)\A - UCSC\1 ST SEM\SCS 2204 - FUNCTIONAL PROGMNG_(3)\Lab Sheets\SCS-2204-FUNCTIONAL-PROGRAMMING\Labsheet_04' for client Visual Studio Code 1.79.2.
Jul 03, 2023 5:04:11 AM org.flywaydb.core.internal.license.VersionPrinter printVersionOnly
INFO: Flyway Community Edition 9.16.3 by Redgate
Jul 03, 2023 5:04:11 AM org.flywaydb.core.internal.license.VersionPrinter printVersion
INFO: See release notes here: https://rd.gt/416ObMi
Jul 03, 2023 5:04:11 AM org.flywaydb.core.internal.license.VersionPrinter printVersion
INFO: 
2023.07.03 05:04:11 WARN  resetting database: C:\A_New Volume (G;)\A - UCSC\1 ST SEM\SCS 2204 - FUNCTIONAL PROGMNG_(3)\Lab Sheets\SCS-2204-FUNCTIONAL-PROGRAMMING\Labsheet_04\.metals\metals.h2.db
2023.07.03 05:04:11 ERROR org.flywaydb.core.internal.exception.FlywaySqlException: Unable to obtain connection from database (jdbc:h2:file:C:\A_New Volume (G;)\A - UCSC\1 ST SEM\SCS 2204 - FUNCTIONAL PROGMNG_(3)\Lab Sheets\SCS-2204-FUNCTIONAL-PROGRAMMING\Labsheet_04\.metals\metals;AUTO_SERVER=TRUE) for user 'sa': URL format error; must be "jdbc:h2:{ {.|mem:}[name] | [file:]fileName | {tcp|ssl}:[//]server[:port][,server2[:port]]/name }[;key=value...]" but is "jdbc:h2:file:C:\\A_New Volume (G" [90046-214]
-----------------------------------------------------------------------------------------------------------------------------------------------------------------------------------------------------------------------------------------------------------------------------------------------------------------------------------------------------------------------------------------------------------------------------------------
SQL State  : 90046
Error Code : 90046
Message    : URL format error; must be "jdbc:h2:{ {.|mem:}[name] | [file:]fileName | {tcp|ssl}:[//]server[:port][,server2[:port]]/name }[;key=value...]" but is "jdbc:h2:file:C:\\A_New Volume (G" [90046-214]

	at org.flywaydb.core.internal.jdbc.JdbcUtils.openConnection(JdbcUtils.java:60)
	at org.flywaydb.core.internal.jdbc.JdbcConnectionFactory.<init>(JdbcConnectionFactory.java:74)
	at org.flywaydb.core.FlywayExecutor.execute(FlywayExecutor.java:140)
	at org.flywaydb.core.Flyway.clean(Flyway.java:234)
	at scala.meta.internal.metals.Tables.migrateOrRestart(Tables.scala:156)
	at scala.meta.internal.metals.Tables.tryUrl(Tables.scala:144)
	at scala.meta.internal.metals.Tables.persistentConnection(Tables.scala:138)
	at scala.meta.internal.metals.Tables.tryAutoServer(Tables.scala:81)
	at scala.meta.internal.metals.Tables.connect(Tables.scala:48)
	at scala.meta.internal.metals.Tables.connection(Tables.scala:74)
	at scala.meta.internal.metals.Tables.$anonfun$fingerprints$1(Tables.scala:39)
	at scala.meta.internal.metals.Fingerprints.load(Fingerprints.scala:52)
	at scala.meta.internal.metals.MetalsLspService.$anonfun$initialize$2(MetalsLspService.scala:876)
	at scala.concurrent.Future$.$anonfun$apply$1(Future.scala:678)
	at scala.concurrent.impl.Promise$Transformation.run(Promise.scala:467)
	at java.util.concurrent.ThreadPoolExecutor.runWorker(ThreadPoolExecutor.java:1136)
	at java.util.concurrent.ThreadPoolExecutor$Worker.run(ThreadPoolExecutor.java:635)
	at java.lang.Thread.run(Thread.java:833)
Caused by: org.h2.jdbc.JdbcSQLNonTransientConnectionException: URL format error; must be "jdbc:h2:{ {.|mem:}[name] | [file:]fileName | {tcp|ssl}:[//]server[:port][,server2[:port]]/name }[;key=value...]" but is "jdbc:h2:file:C:\\A_New Volume (G" [90046-214]
	at org.h2.message.DbException.getJdbcSQLException(DbException.java:678)
	at org.h2.message.DbException.getJdbcSQLException(DbException.java:477)
	at org.h2.message.DbException.get(DbException.java:223)
	at org.h2.engine.ConnectionInfo.getFormatException(ConnectionInfo.java:687)
	at org.h2.engine.ConnectionInfo.readSettingsFromURL(ConnectionInfo.java:330)
	at org.h2.engine.ConnectionInfo.<init>(ConnectionInfo.java:97)
	at org.h2.jdbc.JdbcConnection.<init>(JdbcConnection.java:113)
	at org.h2.Driver.connect(Driver.java:59)
	at org.flywaydb.core.internal.jdbc.DriverDataSource.getConnectionFromDriver(DriverDataSource.java:258)
	at org.flywaydb.core.internal.jdbc.DriverDataSource.getConnection(DriverDataSource.java:223)
	at org.flywaydb.core.internal.jdbc.JdbcUtils.openConnection(JdbcUtils.java:48)
	at org.flywaydb.core.internal.jdbc.JdbcConnectionFactory.<init>(JdbcConnectionFactory.java:74)
	at org.flywaydb.core.FlywayExecutor.execute(FlywayExecutor.java:140)
	at org.flywaydb.core.Flyway.clean(Flyway.java:234)
	at scala.meta.internal.metals.Tables.migrateOrRestart(Tables.scala:156)
	at scala.meta.internal.metals.Tables.tryUrl(Tables.scala:144)
	at scala.meta.internal.metals.Tables.persistentConnection(Tables.scala:138)
	at scala.meta.internal.metals.Tables.tryAutoServer(Tables.scala:81)
	at scala.meta.internal.metals.Tables.connect(Tables.scala:48)
	at scala.meta.internal.metals.Tables.connection(Tables.scala:74)
	at scala.meta.internal.metals.Tables.$anonfun$fingerprints$1(Tables.scala:39)
	at scala.meta.internal.metals.Fingerprints.load(Fingerprints.scala:52)
	at scala.meta.internal.metals.MetalsLspService.$anonfun$initialize$2(MetalsLspService.scala:876)
	at scala.concurrent.Future$.$anonfun$apply$1(Future.scala:678)
	at scala.concurrent.impl.Promise$Transformation.run(Promise.scala:467)
	at java.util.concurrent.ThreadPoolExecutor.runWorker(ThreadPoolExecutor.java:1136)
	at java.util.concurrent.ThreadPoolExecutor$Worker.run(ThreadPoolExecutor.java:635)
	at java.lang.Thread.run(Thread.java:833)

2023.07.03 05:04:11 WARN  resetting database: C:\A_New Volume (G;)\A - UCSC\1 ST SEM\SCS 2204 - FUNCTIONAL PROGMNG_(3)\Lab Sheets\SCS-2204-FUNCTIONAL-PROGRAMMING\Labsheet_04\.metals\metals.h2.db
2023.07.03 05:04:11 ERROR unable to setup persistent H2 database with AUTO_SERVER=false, falling back to in-memory database. This means you may be redundantly asked to execute 'Import build', even if it's not needed. Also, code navigation will not work for existing files in the .metals/readonly/ directory. To fix this problem, make sure you only have one running Metals server in the directory 'C:\A_New Volume (G;)\A - UCSC\1 ST SEM\SCS 2204 - FUNCTIONAL PROGMNG_(3)\Lab Sheets\SCS-2204-FUNCTIONAL-PROGRAMMING\Labsheet_04'.
org.flywaydb.core.internal.exception.FlywaySqlException: Unable to obtain connection from database (jdbc:h2:file:C:\A_New Volume (G;)\A - UCSC\1 ST SEM\SCS 2204 - FUNCTIONAL PROGMNG_(3)\Lab Sheets\SCS-2204-FUNCTIONAL-PROGRAMMING\Labsheet_04\.metals\metals;AUTO_SERVER=TRUE) for user 'sa': URL format error; must be "jdbc:h2:{ {.|mem:}[name] | [file:]fileName | {tcp|ssl}:[//]server[:port][,server2[:port]]/name }[;key=value...]" but is "jdbc:h2:file:C:\\A_New Volume (G" [90046-214]
-----------------------------------------------------------------------------------------------------------------------------------------------------------------------------------------------------------------------------------------------------------------------------------------------------------------------------------------------------------------------------------------------------------------------------------------
SQL State  : 90046
Error Code : 90046
Message    : URL format error; must be "jdbc:h2:{ {.|mem:}[name] | [file:]fileName | {tcp|ssl}:[//]server[:port][,server2[:port]]/name }[;key=value...]" but is "jdbc:h2:file:C:\\A_New Volume (G" [90046-214]

	at org.flywaydb.core.internal.jdbc.JdbcUtils.openConnection(JdbcUtils.java:60)
	at org.flywaydb.core.internal.jdbc.JdbcConnectionFactory.<init>(JdbcConnectionFactory.java:74)
	at org.flywaydb.core.FlywayExecutor.execute(FlywayExecutor.java:140)
	at org.flywaydb.core.Flyway.clean(Flyway.java:234)
	at scala.meta.internal.metals.Tables.migrateOrRestart(Tables.scala:156)
	at scala.meta.internal.metals.Tables.tryUrl(Tables.scala:144)
	at scala.meta.internal.metals.Tables.persistentConnection(Tables.scala:138)
	at scala.meta.internal.metals.Tables.tryNoAutoServer(Tables.scala:98)
	at scala.meta.internal.metals.Tables.tryAutoServer(Tables.scala:92)
	at scala.meta.internal.metals.Tables.connect(Tables.scala:48)
	at scala.meta.internal.metals.Tables.connection(Tables.scala:74)
	at scala.meta.internal.metals.Tables.$anonfun$fingerprints$1(Tables.scala:39)
	at scala.meta.internal.metals.Fingerprints.load(Fingerprints.scala:52)
	at scala.meta.internal.metals.MetalsLspService.$anonfun$initialize$2(MetalsLspService.scala:876)
	at scala.concurrent.Future$.$anonfun$apply$1(Future.scala:678)
	at scala.concurrent.impl.Promise$Transformation.run(Promise.scala:467)
	at java.util.concurrent.ThreadPoolExecutor.runWorker(ThreadPoolExecutor.java:1136)
	at java.util.concurrent.ThreadPoolExecutor$Worker.run(ThreadPoolExecutor.java:635)
	at java.lang.Thread.run(Thread.java:833)
Caused by: org.h2.jdbc.JdbcSQLNonTransientConnectionException: URL format error; must be "jdbc:h2:{ {.|mem:}[name] | [file:]fileName | {tcp|ssl}:[//]server[:port][,server2[:port]]/name }[;key=value...]" but is "jdbc:h2:file:C:\\A_New Volume (G" [90046-214]
	at org.h2.message.DbException.getJdbcSQLException(DbException.java:678)
	at org.h2.message.DbException.getJdbcSQLException(DbException.java:477)
	at org.h2.message.DbException.get(DbException.java:223)
	at org.h2.engine.ConnectionInfo.getFormatException(ConnectionInfo.java:687)
	at org.h2.engine.ConnectionInfo.readSettingsFromURL(ConnectionInfo.java:330)
	at org.h2.engine.ConnectionInfo.<init>(ConnectionInfo.java:97)
	at org.h2.jdbc.JdbcConnection.<init>(JdbcConnection.java:113)
	at org.h2.Driver.connect(Driver.java:59)
	at org.flywaydb.core.internal.jdbc.DriverDataSource.getConnectionFromDriver(DriverDataSource.java:258)
	at org.flywaydb.core.internal.jdbc.DriverDataSource.getConnection(DriverDataSource.java:223)
	at org.flywaydb.core.internal.jdbc.JdbcUtils.openConnection(JdbcUtils.java:48)
	at org.flywaydb.core.internal.jdbc.JdbcConnectionFactory.<init>(JdbcConnectionFactory.java:74)
	at org.flywaydb.core.FlywayExecutor.execute(FlywayExecutor.java:140)
	at org.flywaydb.core.Flyway.clean(Flyway.java:234)
	at scala.meta.internal.metals.Tables.migrateOrRestart(Tables.scala:156)
	at scala.meta.internal.metals.Tables.tryUrl(Tables.scala:144)
	at scala.meta.internal.metals.Tables.persistentConnection(Tables.scala:138)
	at scala.meta.internal.metals.Tables.tryNoAutoServer(Tables.scala:98)
	at scala.meta.internal.metals.Tables.tryAutoServer(Tables.scala:92)
	at scala.meta.internal.metals.Tables.connect(Tables.scala:48)
	at scala.meta.internal.metals.Tables.connection(Tables.scala:74)
	at scala.meta.internal.metals.Tables.$anonfun$fingerprints$1(Tables.scala:39)
	at scala.meta.internal.metals.Fingerprints.load(Fingerprints.scala:52)
	at scala.meta.internal.metals.MetalsLspService.$anonfun$initialize$2(MetalsLspService.scala:876)
	at scala.concurrent.Future$.$anonfun$apply$1(Future.scala:678)
	at scala.concurrent.impl.Promise$Transformation.run(Promise.scala:467)
	at java.util.concurrent.ThreadPoolExecutor.runWorker(ThreadPoolExecutor.java:1136)
	at java.util.concurrent.ThreadPoolExecutor$Worker.run(ThreadPoolExecutor.java:635)
	at java.lang.Thread.run(Thread.java:833)

Jul 03, 2023 5:04:12 AM org.flywaydb.core.internal.database.base.BaseDatabaseType createDatabase
INFO: Database: jdbc:h2:mem:metals (H2 2.1)
Jul 03, 2023 5:04:12 AM org.flywaydb.core.internal.schemahistory.JdbcTableSchemaHistory allAppliedMigrations
INFO: Schema history table "PUBLIC"."flyway_schema_history" does not exist yet
Jul 03, 2023 5:04:12 AM org.flywaydb.core.internal.command.DbValidate validate
INFO: Successfully validated 4 migrations (execution time 00:00.054s)
Jul 03, 2023 5:04:12 AM org.flywaydb.core.internal.schemahistory.JdbcTableSchemaHistory create
INFO: Creating Schema History table "PUBLIC"."flyway_schema_history" ...
Jul 03, 2023 5:04:12 AM org.flywaydb.core.internal.command.DbMigrate migrateGroup
INFO: Current version of schema "PUBLIC": << Empty Schema >>
Jul 03, 2023 5:04:12 AM org.flywaydb.core.internal.command.DbMigrate doMigrateGroup
INFO: Migrating schema "PUBLIC" to version "1 - Create tables"
Jul 03, 2023 5:04:12 AM org.flywaydb.core.internal.command.DbMigrate doMigrateGroup
INFO: Migrating schema "PUBLIC" to version "2 - Server discovery"
Jul 03, 2023 5:04:12 AM org.flywaydb.core.internal.command.DbMigrate doMigrateGroup
INFO: Migrating schema "PUBLIC" to version "3 - Jar symbols"
Jul 03, 2023 5:04:12 AM org.flywaydb.core.internal.command.DbMigrate doMigrateGroup
INFO: Migrating schema "PUBLIC" to version "4 - Fingerprints"
Jul 03, 2023 5:04:12 AM org.flywaydb.core.internal.command.DbMigrate logSummary
INFO: Successfully applied 4 migrations to schema "PUBLIC", now at version v4 (execution time 00:00.154s)
2023.07.03 05:04:12 INFO  time: initialize in 1.3s
2023.07.03 05:04:16 WARN  Build server is not auto-connectable.
2023.07.03 05:04:16 WARN  no build tool detected in workspace 'C:\A_New Volume (G;)\A - UCSC\1 ST SEM\SCS 2204 - FUNCTIONAL PROGMNG_(3)\Lab Sheets\SCS-2204-FUNCTIONAL-PROGRAMMING\Labsheet_04'. The most common cause for this problem is that the editor was opened in the wrong working directory, for example if you use sbt then the workspace directory should contain build.sbt. 
2023.07.03 05:04:16 WARN  no build target for: C:\A_New Volume (G;)\A - UCSC\1 ST SEM\SCS 2204 - FUNCTIONAL PROGMNG_(3)\Lab Sheets\SCS-2204-FUNCTIONAL-PROGRAMMING\Labsheet_04\q03.scala
2023.07.03 05:04:26 WARN  no build target for: C:\A_New Volume (G;)\A - UCSC\1 ST SEM\SCS 2204 - FUNCTIONAL PROGMNG_(3)\Lab Sheets\SCS-2204-FUNCTIONAL-PROGRAMMING\Labsheet_04\rough.scala
2023.07.03 05:04:29 INFO  no build target found for C:\A_New Volume (G;)\A - UCSC\1 ST SEM\SCS 2204 - FUNCTIONAL PROGMNG_(3)\Lab Sheets\SCS-2204-FUNCTIONAL-PROGRAMMING\Labsheet_04\q03.scala. Using presentation compiler with project's scala-library version: 3.2.2
2023.07.03 05:04:32 WARN  no build target for: C:\A_New Volume (G;)\A - UCSC\1 ST SEM\SCS 2204 - FUNCTIONAL PROGMNG_(3)\Lab Sheets\SCS-2204-FUNCTIONAL-PROGRAMMING\Labsheet_04\rough.scala
2023.07.03 05:04:36 INFO  time: code lens generation in 4.18s
2023.07.03 05:04:36 INFO  time: code lens generation in 9.57s
2023.07.03 05:04:36 INFO  time: code lens generation in 7.81s
Jul 03, 2023 5:05:01 AM org.eclipse.lsp4j.jsonrpc.services.GenericEndpoint notify
INFO: Unsupported notification method: $/setTrace
2023.07.03 05:06:05 WARN  no build target for: C:\A_New Volume (G;)\A - UCSC\1 ST SEM\SCS 2204 - FUNCTIONAL PROGMNG_(3)\Lab Sheets\SCS-2204-FUNCTIONAL-PROGRAMMING\Labsheet_04\q02.scala
2023.07.03 05:09:32 WARN  no build target for: C:\A_New Volume (G;)\A - UCSC\1 ST SEM\SCS 2204 - FUNCTIONAL PROGMNG_(3)\Lab Sheets\SCS-2204-FUNCTIONAL-PROGRAMMING\Labsheet_04\q03.scala
Jul 03, 2023 5:10:04 AM org.eclipse.lsp4j.jsonrpc.RemoteEndpoint handleCancellation
WARNING: Unmatched cancel notification for request id 91
2023.07.03 05:10:43 WARN  no build target for: C:\A_New Volume (G;)\A - UCSC\1 ST SEM\SCS 2204 - FUNCTIONAL PROGMNG_(3)\Lab Sheets\SCS-2204-FUNCTIONAL-PROGRAMMING\Labsheet_04\q03.scala
2023.07.03 05:10:57 WARN  no build target for: C:\A_New Volume (G;)\A - UCSC\1 ST SEM\SCS 2204 - FUNCTIONAL PROGMNG_(3)\Lab Sheets\SCS-2204-FUNCTIONAL-PROGRAMMING\Labsheet_04\q03.scala
Jul 03, 2023 5:13:16 AM org.eclipse.lsp4j.jsonrpc.RemoteEndpoint handleCancellation
WARNING: Unmatched cancel notification for request id 282
Jul 03, 2023 5:13:24 AM org.eclipse.lsp4j.jsonrpc.RemoteEndpoint handleCancellation
WARNING: Unmatched cancel notification for request id 300
Jul 03, 2023 5:13:36 AM org.eclipse.lsp4j.jsonrpc.RemoteEndpoint handleCancellation
WARNING: Unmatched cancel notification for request id 343
Jul 03, 2023 5:13:37 AM org.eclipse.lsp4j.jsonrpc.RemoteEndpoint handleCancellation
WARNING: Unmatched cancel notification for request id 344
2023.07.03 05:14:16 ERROR scalafmt: C:\A_New Volume (G;)\A - UCSC\1 ST SEM\SCS 2204 - FUNCTIONAL PROGMNG_(3)\Lab Sheets\SCS-2204-FUNCTIONAL-PROGRAMMING\Labsheet_04\q03.scala:29: error: [dialect scala213] illegal start of simple expression
}
^
2023.07.03 05:14:16 WARN  no build target for: C:\A_New Volume (G;)\A - UCSC\1 ST SEM\SCS 2204 - FUNCTIONAL PROGMNG_(3)\Lab Sheets\SCS-2204-FUNCTIONAL-PROGRAMMING\Labsheet_04\q03.scala
Jul 03, 2023 5:14:35 AM org.eclipse.lsp4j.jsonrpc.RemoteEndpoint handleCancellation
WARNING: Unmatched cancel notification for request id 531
Jul 03, 2023 5:14:58 AM org.eclipse.lsp4j.jsonrpc.RemoteEndpoint handleCancellation
WARNING: Unmatched cancel notification for request id 655
Jul 03, 2023 5:15:35 AM org.eclipse.lsp4j.jsonrpc.RemoteEndpoint handleCancellation
WARNING: Unmatched cancel notification for request id 732
2023.07.03 05:15:35 WARN  no build target for: C:\A_New Volume (G;)\A - UCSC\1 ST SEM\SCS 2204 - FUNCTIONAL PROGMNG_(3)\Lab Sheets\SCS-2204-FUNCTIONAL-PROGRAMMING\Labsheet_04\q03.scala
2023.07.03 05:15:58 WARN  no build target for: C:\A_New Volume (G;)\A - UCSC\1 ST SEM\SCS 2204 - FUNCTIONAL PROGMNG_(3)\Lab Sheets\SCS-2204-FUNCTIONAL-PROGRAMMING\Labsheet_04\q03.scala
2023.07.03 05:16:47 WARN  no build target for: C:\A_New Volume (G;)\A - UCSC\1 ST SEM\SCS 2204 - FUNCTIONAL PROGMNG_(3)\Lab Sheets\SCS-2204-FUNCTIONAL-PROGRAMMING\Labsheet_04\q03.scala
Jul 03, 2023 5:17:20 AM org.eclipse.lsp4j.jsonrpc.RemoteEndpoint handleCancellation
WARNING: Unmatched cancel notification for request id 952
2023.07.03 05:17:38 ERROR scalafmt: C:\A_New Volume (G;)\A - UCSC\1 ST SEM\SCS 2204 - FUNCTIONAL PROGMNG_(3)\Lab Sheets\SCS-2204-FUNCTIONAL-PROGRAMMING\Labsheet_04\q03.scala:34: error: [dialect scala213] illegal start of simple expression
  }
  ^
2023.07.03 05:17:38 WARN  no build target for: C:\A_New Volume (G;)\A - UCSC\1 ST SEM\SCS 2204 - FUNCTIONAL PROGMNG_(3)\Lab Sheets\SCS-2204-FUNCTIONAL-PROGRAMMING\Labsheet_04\q03.scala
2023.07.03 05:17:56 ERROR scalafmt: C:\A_New Volume (G;)\A - UCSC\1 ST SEM\SCS 2204 - FUNCTIONAL PROGMNG_(3)\Lab Sheets\SCS-2204-FUNCTIONAL-PROGRAMMING\Labsheet_04\q03.scala:34: error: [dialect scala213] illegal start of simple expression
  }
  ^
2023.07.03 05:17:56 WARN  no build target for: C:\A_New Volume (G;)\A - UCSC\1 ST SEM\SCS 2204 - FUNCTIONAL PROGMNG_(3)\Lab Sheets\SCS-2204-FUNCTIONAL-PROGRAMMING\Labsheet_04\q03.scala
Jul 03, 2023 5:21:04 AM org.eclipse.lsp4j.jsonrpc.RemoteEndpoint handleCancellation
WARNING: Unmatched cancel notification for request id 1073
2023.07.03 05:21:33 ERROR scalafmt: C:\A_New Volume (G;)\A - UCSC\1 ST SEM\SCS 2204 - FUNCTIONAL PROGMNG_(3)\Lab Sheets\SCS-2204-FUNCTIONAL-PROGRAMMING\Labsheet_04\q03.scala:34: error: [dialect scala213] illegal start of simple expression
  }
  ^
2023.07.03 05:21:33 WARN  no build target for: C:\A_New Volume (G;)\A - UCSC\1 ST SEM\SCS 2204 - FUNCTIONAL PROGMNG_(3)\Lab Sheets\SCS-2204-FUNCTIONAL-PROGRAMMING\Labsheet_04\q03.scala
Jul 03, 2023 5:21:40 AM org.eclipse.lsp4j.jsonrpc.RemoteEndpoint handleCancellation
WARNING: Unmatched cancel notification for request id 1101
Jul 03, 2023 5:22:58 AM org.eclipse.lsp4j.jsonrpc.RemoteEndpoint handleCancellation
WARNING: Unmatched cancel notification for request id 1467
Jul 03, 2023 5:23:10 AM org.eclipse.lsp4j.jsonrpc.RemoteEndpoint handleCancellation
WARNING: Unmatched cancel notification for request id 1514
2023.07.03 05:25:21 WARN  no build target for: C:\A_New Volume (G;)\A - UCSC\1 ST SEM\SCS 2204 - FUNCTIONAL PROGMNG_(3)\Lab Sheets\SCS-2204-FUNCTIONAL-PROGRAMMING\Labsheet_04\q03.scala
Jul 03, 2023 5:25:59 AM org.eclipse.lsp4j.jsonrpc.RemoteEndpoint handleCancellation
WARNING: Unmatched cancel notification for request id 1743
2023.07.03 05:26:05 WARN  no build target for: C:\A_New Volume (G;)\A - UCSC\1 ST SEM\SCS 2204 - FUNCTIONAL PROGMNG_(3)\Lab Sheets\SCS-2204-FUNCTIONAL-PROGRAMMING\Labsheet_04\q03.scala
Jul 03, 2023 5:26:38 AM org.eclipse.lsp4j.jsonrpc.RemoteEndpoint handleCancellation
WARNING: Unmatched cancel notification for request id 1858
2023.07.03 05:26:45 WARN  no build target for: C:\A_New Volume (G;)\A - UCSC\1 ST SEM\SCS 2204 - FUNCTIONAL PROGMNG_(3)\Lab Sheets\SCS-2204-FUNCTIONAL-PROGRAMMING\Labsheet_04\q03.scala
Jul 03, 2023 5:27:13 AM org.eclipse.lsp4j.jsonrpc.RemoteEndpoint handleCancellation
WARNING: Unmatched cancel notification for request id 1887
2023.07.03 05:28:41 WARN  no build target for: C:\A_New Volume (G;)\A - UCSC\1 ST SEM\SCS 2204 - FUNCTIONAL PROGMNG_(3)\Lab Sheets\SCS-2204-FUNCTIONAL-PROGRAMMING\Labsheet_04\q03.scala
2023.07.03 05:30:16 WARN  no build target for: C:\A_New Volume (G;)\A - UCSC\1 ST SEM\SCS 2204 - FUNCTIONAL PROGMNG_(3)\Lab Sheets\SCS-2204-FUNCTIONAL-PROGRAMMING\Labsheet_04\q03.scala
2023.07.03 05:31:26 WARN  no build target for: C:\A_New Volume (G;)\A - UCSC\1 ST SEM\SCS 2204 - FUNCTIONAL PROGMNG_(3)\Lab Sheets\SCS-2204-FUNCTIONAL-PROGRAMMING\Labsheet_04\q03.scala
Jul 03, 2023 5:31:59 AM org.eclipse.lsp4j.jsonrpc.RemoteEndpoint handleCancellation
WARNING: Unmatched cancel notification for request id 2085
Jul 03, 2023 5:32:19 AM org.eclipse.lsp4j.jsonrpc.RemoteEndpoint handleCancellation
WARNING: Unmatched cancel notification for request id 2125
2023.07.03 05:32:29 WARN  no build target for: C:\A_New Volume (G;)\A - UCSC\1 ST SEM\SCS 2204 - FUNCTIONAL PROGMNG_(3)\Lab Sheets\SCS-2204-FUNCTIONAL-PROGRAMMING\Labsheet_04\q03.scala
2023.07.03 05:32:35 WARN  no build target for: C:\A_New Volume (G;)\A - UCSC\1 ST SEM\SCS 2204 - FUNCTIONAL PROGMNG_(3)\Lab Sheets\SCS-2204-FUNCTIONAL-PROGRAMMING\Labsheet_04\q03.scala
2023.07.03 05:33:22 ERROR scalafmt: C:\A_New Volume (G;)\A - UCSC\1 ST SEM\SCS 2204 - FUNCTIONAL PROGMNG_(3)\Lab Sheets\SCS-2204-FUNCTIONAL-PROGRAMMING\Labsheet_04\q03.scala:5: error: [dialect scala213] illegal start of simple expression
    if()
       ^
2023.07.03 05:33:22 WARN  no build target for: C:\A_New Volume (G;)\A - UCSC\1 ST SEM\SCS 2204 - FUNCTIONAL PROGMNG_(3)\Lab Sheets\SCS-2204-FUNCTIONAL-PROGRAMMING\Labsheet_04\q03.scala
Jul 03, 2023 5:34:09 AM org.eclipse.lsp4j.jsonrpc.RemoteEndpoint handleCancellation
WARNING: Unmatched cancel notification for request id 2426
Jul 03, 2023 5:34:19 AM org.eclipse.lsp4j.jsonrpc.RemoteEndpoint handleCancellation
WARNING: Unmatched cancel notification for request id 2481
Jul 03, 2023 5:34:43 AM org.eclipse.lsp4j.jsonrpc.RemoteEndpoint handleCancellation
WARNING: Unmatched cancel notification for request id 2560
2023.07.03 05:35:53 WARN  no build target for: C:\A_New Volume (G;)\A - UCSC\1 ST SEM\SCS 2204 - FUNCTIONAL PROGMNG_(3)\Lab Sheets\SCS-2204-FUNCTIONAL-PROGRAMMING\Labsheet_04\q03.scala
2023.07.03 05:42:42 WARN  no build target for: C:\A_New Volume (G;)\A - UCSC\1 ST SEM\SCS 2204 - FUNCTIONAL PROGMNG_(3)\Lab Sheets\SCS-2204-FUNCTIONAL-PROGRAMMING\Labsheet_04\q03.scala
2023.07.03 05:44:10 WARN  no build target for: C:\A_New Volume (G;)\A - UCSC\1 ST SEM\SCS 2204 - FUNCTIONAL PROGMNG_(3)\Lab Sheets\SCS-2204-FUNCTIONAL-PROGRAMMING\Labsheet_04\q03.scala
2023.07.03 05:44:58 ERROR scalafmt: C:\A_New Volume (G;)\A - UCSC\1 ST SEM\SCS 2204 - FUNCTIONAL PROGMNG_(3)\Lab Sheets\SCS-2204-FUNCTIONAL-PROGRAMMING\Labsheet_04\q03.scala:3: error: [dialect scala213] <- expected but ) found
  for(i)
       ^
2023.07.03 05:44:58 WARN  no build target for: C:\A_New Volume (G;)\A - UCSC\1 ST SEM\SCS 2204 - FUNCTIONAL PROGMNG_(3)\Lab Sheets\SCS-2204-FUNCTIONAL-PROGRAMMING\Labsheet_04\q03.scala
2023.07.03 05:45:03 WARN  no build target for: C:\A_New Volume (G;)\A - UCSC\1 ST SEM\SCS 2204 - FUNCTIONAL PROGMNG_(3)\Lab Sheets\SCS-2204-FUNCTIONAL-PROGRAMMING\Labsheet_04\q03.scala
2023.07.03 05:47:40 WARN  no build target for: C:\A_New Volume (G;)\A - UCSC\1 ST SEM\SCS 2204 - FUNCTIONAL PROGMNG_(3)\Lab Sheets\SCS-2204-FUNCTIONAL-PROGRAMMING\Labsheet_04\q03.scala
2023.07.03 05:50:14 WARN  no build target for: C:\A_New Volume (G;)\A - UCSC\1 ST SEM\SCS 2204 - FUNCTIONAL PROGMNG_(3)\Lab Sheets\SCS-2204-FUNCTIONAL-PROGRAMMING\Labsheet_04\q03.scala
2023.07.03 05:52:31 WARN  no build target for: C:\A_New Volume (G;)\A - UCSC\1 ST SEM\SCS 2204 - FUNCTIONAL PROGMNG_(3)\Lab Sheets\SCS-2204-FUNCTIONAL-PROGRAMMING\Labsheet_04\q03.scala
2023.07.03 05:55:46 WARN  no build target for: C:\A_New Volume (G;)\A - UCSC\1 ST SEM\SCS 2204 - FUNCTIONAL PROGMNG_(3)\Lab Sheets\SCS-2204-FUNCTIONAL-PROGRAMMING\Labsheet_04\q03.scala
2023.07.03 05:56:50 WARN  no build target for: C:\A_New Volume (G;)\A - UCSC\1 ST SEM\SCS 2204 - FUNCTIONAL PROGMNG_(3)\Lab Sheets\SCS-2204-FUNCTIONAL-PROGRAMMING\Labsheet_04\q03.scala
2023.07.03 05:57:45 WARN  no build target for: C:\A_New Volume (G;)\A - UCSC\1 ST SEM\SCS 2204 - FUNCTIONAL PROGMNG_(3)\Lab Sheets\SCS-2204-FUNCTIONAL-PROGRAMMING\Labsheet_04\q03.scala
Jul 03, 2023 5:59:27 AM org.eclipse.lsp4j.jsonrpc.RemoteEndpoint handleCancellation
WARNING: Unmatched cancel notification for request id 3646
Jul 03, 2023 6:00:15 AM org.eclipse.lsp4j.jsonrpc.RemoteEndpoint handleCancellation
WARNING: Unmatched cancel notification for request id 3782
Jul 03, 2023 6:00:19 AM org.eclipse.lsp4j.jsonrpc.RemoteEndpoint handleCancellation
WARNING: Unmatched cancel notification for request id 3788
Jul 03, 2023 6:00:43 AM org.eclipse.lsp4j.jsonrpc.RemoteEndpoint handleCancellation
WARNING: Unmatched cancel notification for request id 3859
Jul 03, 2023 6:02:27 AM org.eclipse.lsp4j.jsonrpc.RemoteEndpoint handleCancellation
WARNING: Unmatched cancel notification for request id 4054
2023.07.03 06:03:27 WARN  no build target for: C:\A_New Volume (G;)\A - UCSC\1 ST SEM\SCS 2204 - FUNCTIONAL PROGMNG_(3)\Lab Sheets\SCS-2204-FUNCTIONAL-PROGRAMMING\Labsheet_04\q03.scala
Jul 03, 2023 6:06:52 AM org.eclipse.lsp4j.jsonrpc.RemoteEndpoint handleCancellation
WARNING: Unmatched cancel notification for request id 4439
2023.07.03 06:07:29 WARN  no build target for: C:\A_New Volume (G;)\A - UCSC\1 ST SEM\SCS 2204 - FUNCTIONAL PROGMNG_(3)\Lab Sheets\SCS-2204-FUNCTIONAL-PROGRAMMING\Labsheet_04\q03.scala
Jul 03, 2023 6:07:37 AM org.eclipse.lsp4j.jsonrpc.RemoteEndpoint handleCancellation
WARNING: Unmatched cancel notification for request id 4499
2023.07.03 06:07:51 WARN  no build target for: C:\A_New Volume (G;)\A - UCSC\1 ST SEM\SCS 2204 - FUNCTIONAL PROGMNG_(3)\Lab Sheets\SCS-2204-FUNCTIONAL-PROGRAMMING\Labsheet_04\q03.scala
Jul 03, 2023 6:09:44 AM org.eclipse.lsp4j.jsonrpc.RemoteEndpoint handleCancellation
WARNING: Unmatched cancel notification for request id 4608
Jul 03, 2023 6:10:56 AM org.eclipse.lsp4j.jsonrpc.RemoteEndpoint handleCancellation
WARNING: Unmatched cancel notification for request id 4683
2023.07.03 06:10:56 WARN  no build target for: C:\A_New Volume (G;)\A - UCSC\1 ST SEM\SCS 2204 - FUNCTIONAL PROGMNG_(3)\Lab Sheets\SCS-2204-FUNCTIONAL-PROGRAMMING\Labsheet_04\q03.scala
2023.07.03 06:11:48 WARN  no build target for: C:\A_New Volume (G;)\A - UCSC\1 ST SEM\SCS 2204 - FUNCTIONAL PROGMNG_(3)\Lab Sheets\SCS-2204-FUNCTIONAL-PROGRAMMING\Labsheet_04\q03.scala
Jul 03, 2023 6:21:07 AM org.eclipse.lsp4j.jsonrpc.RemoteEndpoint handleCancellation
WARNING: Unmatched cancel notification for request id 4902
Jul 03, 2023 6:23:55 AM org.eclipse.lsp4j.jsonrpc.RemoteEndpoint handleCancellation
WARNING: Unmatched cancel notification for request id 5083
Jul 03, 2023 6:24:30 AM org.eclipse.lsp4j.jsonrpc.RemoteEndpoint handleCancellation
WARNING: Unmatched cancel notification for request id 5162
Jul 03, 2023 6:25:36 AM org.eclipse.lsp4j.jsonrpc.RemoteEndpoint handleCancellation
WARNING: Unmatched cancel notification for request id 5205
Jul 03, 2023 6:28:04 AM org.eclipse.lsp4j.jsonrpc.RemoteEndpoint handleCancellation
WARNING: Unmatched cancel notification for request id 5296
2023.07.03 06:30:51 WARN  no build target for: C:\A_New Volume (G;)\A - UCSC\1 ST SEM\SCS 2204 - FUNCTIONAL PROGMNG_(3)\Lab Sheets\SCS-2204-FUNCTIONAL-PROGRAMMING\Labsheet_04\q03.scala
2023.07.03 06:35:32 WARN  no build target for: C:\A_New Volume (G;)\A - UCSC\1 ST SEM\SCS 2204 - FUNCTIONAL PROGMNG_(3)\Lab Sheets\SCS-2204-FUNCTIONAL-PROGRAMMING\Labsheet_04\q01.scala
2023.07.03 06:50:18 WARN  no build target for: C:\A_New Volume (G;)\A - UCSC\1 ST SEM\SCS 2204 - FUNCTIONAL PROGMNG_(3)\Lab Sheets\SCS-2204-FUNCTIONAL-PROGRAMMING\Labsheet_04\q03.scala
Jul 03, 2023 6:51:46 AM org.eclipse.lsp4j.jsonrpc.RemoteEndpoint handleCancellation
WARNING: Unmatched cancel notification for request id 5504
2023.07.03 06:52:09 WARN  no build target for: C:\A_New Volume (G;)\A - UCSC\1 ST SEM\SCS 2204 - FUNCTIONAL PROGMNG_(3)\Lab Sheets\SCS-2204-FUNCTIONAL-PROGRAMMING\Labsheet_04\q03.scala
2023.07.03 06:56:12 WARN  no build target for: C:\A_New Volume (G;)\A - UCSC\1 ST SEM\SCS 2204 - FUNCTIONAL PROGMNG_(3)\Lab Sheets\SCS-2204-FUNCTIONAL-PROGRAMMING\Labsheet_04\rough.scala
2023.07.03 07:10:43 INFO  Shutting down server
2023.07.03 07:10:43 INFO  shutting down Metals
2023.07.03 07:10:43 INFO  Exiting server
